

[Jun 29, 22:19:27] #> Creating directory /scratch/s190619/Data_etc/ColBERT/experiments/Model4_1-psg/test_MC.py/Model4_1.psg.l2 




[Jun 29, 22:19:27] #> Creating directory /scratch/s190619/Data_etc/ColBERT/experiments/Model4_1-psg/test_MC.py/Model4_1.psg.l2/logs/ 


[Jun 29, 22:19:27] {'root': '/scratch/s190619/Data_etc/ColBERT/experiments', 'experiment': 'Model4_1-psg', 'run': 'Model4_1.psg.l2', 'rank': -1, 'similarity': 'l2', 'dim': 128, 'query_maxlen': 32, 'doc_maxlen': 180, 'mask_punctuation': True, 'triples': '/scratch/s190619/Data_etc/ColBERT/MC_eval_data/Model4_1_dev-test.tsv', 'multiple_choice': True, 'num_options': '5', 'resume': False, 'resume_optimizer': False, 'checkpoint': '/scratch/s190619/Data_etc/ColBERT/experiments/Model4_1-psg/train.py/Model4_1.psg.l2/checkpoints/colbert-100000.dnn', 'lr': 3e-06, 'maxsteps': 400000, 'bsize': 30, 'accumsteps': 1, 'amp': True, 'freeze_layers': False, 'depth': None} 

Some weights of the model checkpoint at bert-base-uncased were not used when initializing ColBERT: ['cls.predictions.bias', 'cls.predictions.transform.dense.weight', 'cls.predictions.transform.dense.bias', 'cls.predictions.decoder.weight', 'cls.seq_relationship.weight', 'cls.seq_relationship.bias', 'cls.predictions.transform.LayerNorm.weight', 'cls.predictions.transform.LayerNorm.bias']
- This IS expected if you are initializing ColBERT from the checkpoint of a model trained on another task or with another architecture (e.g. initializing a BertForSequenceClassification model from a BertForPretraining model).
- This IS NOT expected if you are initializing ColBERT from the checkpoint of a model that you expect to be exactly identical (initializing a BertForSequenceClassification model from a BertForSequenceClassification model).
Some weights of ColBERT were not initialized from the model checkpoint at bert-base-uncased and are newly initialized: ['linear.weight']
You should probably TRAIN this model on a down-stream task to be able to use it for predictions and inference.
[Jun 29, 22:19:37] #> Loading model checkpoint.
[Jun 29, 22:19:37] #> Loading checkpoint /scratch/s190619/Data_etc/ColBERT/experiments/Model4_1-psg/train.py/Model4_1.psg.l2/checkpoints/colbert-100000.dnn
[Jun 29, 22:19:38] #> checkpoint['epoch'] = 0
[Jun 29, 22:19:38] #> checkpoint['batch'] = 100000
{
    "root": "\/scratch\/s190619\/Data_etc\/ColBERT\/experiments",
    "experiment": "Model4_1-psg",
    "run": "Model4_1.psg.l2",
    "rank": 0,
    "similarity": "l2",
    "dim": 128,
    "query_maxlen": 32,
    "doc_maxlen": 180,
    "mask_punctuation": true,
    "resume": false,
    "resume_optimizer": false,
    "checkpoint": "\/scratch\/s190619\/Data_etc\/ColBERT\/experiments\/Model4-psg\/train.py\/Model4.psg.l2\/checkpoints\/colbert-100000.dnn",
    "lr": 3e-6,
    "maxsteps": 400000,
    "bsize": 32,
    "accumsteps": 1,
    "amp": true,
    "freeze_layers": false,
    "triples": "\/scratch\/s190619\/Data_etc\/Medical_MSMARCO\/triples.msmarco.medical.tsv\/part-00000-4ce6eb02-5b26-4966-a55b-bbbf1b6c18d4-c000.csv",
    "queries": null,
    "collection": null
}


1 : [1.0, 0.333, 0.4, 0.3, 0.1, 0.12, 0.114, 0.123]
2 : [0.0, 0.333, 0.2, 0.1, 0.04, 0.03, 0.026, 0.016]
3 : [1.0, 1.0, 0.6, 0.3, 0.18, 0.14, 0.104, 0.106]
4 : [0.0, 0.0, 0.0, 0.0, 0.0, 0.03, 0.016, 0.015]
5 : [0.0, 0.0, 0.0, 0.0, 0.0, 0.01, 0.028, 0.033]
6 : [0.0, 0.0, 0.2, 0.1, 0.14, 0.21, 0.2, 0.229]
7 : [0.0, 0.0, 0.0, 0.1, 0.12, 0.14, 0.16, 0.146]
8 : [0.0, 0.667, 0.8, 0.6, 0.4, 0.41, 0.404, 0.411]
9 : [0.0, 0.333, 0.4, 0.2, 0.14, 0.1, 0.068, 0.058]
10 : [0.0, 0.0, 0.0, 0.0, 0.0, 0.0, 0.002, 0.001]
11 : [0.0, 0.667, 0.4, 0.2, 0.22, 0.24, 0.26, 0.276]
12 : [1.0, 0.667, 0.6, 0.7, 0.72, 0.67, 0.654, 0.629]
13 : [0.0, 0.333, 0.2, 0.3, 0.18, 0.25, 0.284, 0.281]
14 : [0.0, 0.0, 0.0, 0.0, 0.02, 0.03, 0.03, 0.024]
15 : [0.0, 0.0, 0.0, 0.0, 0.02, 0.04, 0.038, 0.039]
16 : [0.0, 0.333, 0.2, 0.1, 0.18, 0.13, 0.148, 0.145]
17 : [0.0, 0.333, 0.2, 0.1, 0.14, 0.11, 0.112, 0.115]
18 : [0.0, 0.0, 0.2, 0.3, 0.2, 0.25, 0.202, 0.186]
19 : [0.0, 0.0, 0.0, 0.0, 0.02, 0.02, 0.028, 0.023]
20 : [0.0, 0.0, 0.0, 0.0, 0.0, 0.0, 0.0, 0.0]
21 : [0.0, 0.0, 0.0, 0.0, 0.24, 0.3, 0.286, 0.27]
[0.143, 0.238, 0.21, 0.162, 0.146, 0.154, 0.151, 0.149]
[Jun 29, 22:40:19] Traceback (most recent call last):
  File "/home/s190619/My_ColBERT/ColBERT_MC/colbert/utils/runs.py", line 84, in context
    yield
  File "/home/s190619/My_ColBERT/ColBERT_MC/colbert/test_MC.py", line 28, in main
    multiple_choice(args)
  File "/home/s190619/My_ColBERT/ColBERT_MC/colbert/evaluation/multiple_choice.py", line 127, in multiple_choice
    # 	assert 1 == 3
AssertionError

 


Traceback (most recent call last):
  File "/home/s190619/.conda/envs/colbert-v0.2/lib/python3.7/runpy.py", line 193, in _run_module_as_main
    "__main__", mod_spec)
  File "/home/s190619/.conda/envs/colbert-v0.2/lib/python3.7/runpy.py", line 85, in _run_code
    exec(code, run_globals)
  File "/home/s190619/My_ColBERT/ColBERT_MC/colbert/test_MC.py", line 51, in <module>
    main()
  File "/home/s190619/My_ColBERT/ColBERT_MC/colbert/test_MC.py", line 28, in main
    multiple_choice(args)
  File "/home/s190619/My_ColBERT/ColBERT_MC/colbert/evaluation/multiple_choice.py", line 127, in multiple_choice
    # 	assert 1 == 3
AssertionError



[Jun 29, 22:45:23] It seems that  /scratch/s190619/Data_etc/ColBERT/experiments/Model4_1-psg/test_MC.py/Model4_1.psg.l2  already exists.


[Jun 29, 22:45:23] #> Creating directory /scratch/s190619/Data_etc/ColBERT/experiments/Model4_1-psg/test_MC0.py/Model4_1.psg.l2 




[Jun 29, 22:45:23] #> Creating directory /scratch/s190619/Data_etc/ColBERT/experiments/Model4_1-psg/test_MC0.py/Model4_1.psg.l2/logs/ 


[Jun 29, 22:45:23] {'root': '/scratch/s190619/Data_etc/ColBERT/experiments', 'experiment': 'Model4_1-psg', 'run': 'Model4_1.psg.l2', 'rank': -1, 'similarity': 'l2', 'dim': 128, 'query_maxlen': 32, 'doc_maxlen': 180, 'mask_punctuation': True, 'triples': '/scratch/s190619/Data_etc/ColBERT/MC_eval_data/Model4_1_dev-test.tsv', 'multiple_choice': True, 'num_options': '5', 'resume': False, 'resume_optimizer': False, 'checkpoint': '/scratch/s190619/Data_etc/ColBERT/experiments/Model4_1-psg/train.py/Model4_1.psg.l2/checkpoints/colbert-100000.dnn', 'lr': 3e-06, 'maxsteps': 400000, 'bsize': 30, 'accumsteps': 1, 'amp': True, 'freeze_layers': False, 'depth': None} 

Some weights of the model checkpoint at bert-base-uncased were not used when initializing ColBERT: ['cls.predictions.bias', 'cls.predictions.transform.dense.weight', 'cls.predictions.transform.dense.bias', 'cls.predictions.decoder.weight', 'cls.seq_relationship.weight', 'cls.seq_relationship.bias', 'cls.predictions.transform.LayerNorm.weight', 'cls.predictions.transform.LayerNorm.bias']
- This IS expected if you are initializing ColBERT from the checkpoint of a model trained on another task or with another architecture (e.g. initializing a BertForSequenceClassification model from a BertForPretraining model).
- This IS NOT expected if you are initializing ColBERT from the checkpoint of a model that you expect to be exactly identical (initializing a BertForSequenceClassification model from a BertForSequenceClassification model).
Some weights of ColBERT were not initialized from the model checkpoint at bert-base-uncased and are newly initialized: ['linear.weight']
You should probably TRAIN this model on a down-stream task to be able to use it for predictions and inference.
[Jun 29, 22:45:33] #> Loading model checkpoint.
[Jun 29, 22:45:33] #> Loading checkpoint /scratch/s190619/Data_etc/ColBERT/experiments/Model4_1-psg/train.py/Model4_1.psg.l2/checkpoints/colbert-100000.dnn
[Jun 29, 22:45:34] #> checkpoint['epoch'] = 0
[Jun 29, 22:45:34] #> checkpoint['batch'] = 100000
{
    "root": "\/scratch\/s190619\/Data_etc\/ColBERT\/experiments",
    "experiment": "Model4_1-psg",
    "run": "Model4_1.psg.l2",
    "rank": 0,
    "similarity": "l2",
    "dim": 128,
    "query_maxlen": 32,
    "doc_maxlen": 180,
    "mask_punctuation": true,
    "resume": false,
    "resume_optimizer": false,
    "checkpoint": "\/scratch\/s190619\/Data_etc\/ColBERT\/experiments\/Model4-psg\/train.py\/Model4.psg.l2\/checkpoints\/colbert-100000.dnn",
    "lr": 3e-6,
    "maxsteps": 400000,
    "bsize": 32,
    "accumsteps": 1,
    "amp": true,
    "freeze_layers": false,
    "triples": "\/scratch\/s190619\/Data_etc\/Medical_MSMARCO\/triples.msmarco.medical.tsv\/part-00000-4ce6eb02-5b26-4966-a55b-bbbf1b6c18d4-c000.csv",
    "queries": null,
    "collection": null
}


1 : [1.0, 0.333, 0.4, 0.3, 0.1, 0.12, 0.114, 0.123]
2 : [0.0, 0.333, 0.2, 0.1, 0.04, 0.03, 0.026, 0.016]
3 : [1.0, 1.0, 0.6, 0.3, 0.18, 0.14, 0.104, 0.106]
4 : [0.0, 0.0, 0.0, 0.0, 0.0, 0.03, 0.016, 0.015]
5 : [0.0, 0.0, 0.0, 0.0, 0.0, 0.01, 0.028, 0.033]
6 : [0.0, 0.0, 0.2, 0.1, 0.14, 0.21, 0.2, 0.229]
7 : [0.0, 0.0, 0.0, 0.1, 0.12, 0.14, 0.16, 0.146]
8 : [0.0, 0.667, 0.8, 0.6, 0.4, 0.41, 0.404, 0.411]
9 : [0.0, 0.333, 0.4, 0.2, 0.14, 0.1, 0.068, 0.058]
10 : [0.0, 0.0, 0.0, 0.0, 0.0, 0.0, 0.002, 0.001]
11 : [0.0, 0.667, 0.4, 0.2, 0.22, 0.24, 0.26, 0.276]
12 : [1.0, 0.667, 0.6, 0.7, 0.72, 0.67, 0.654, 0.629]
13 : [0.0, 0.333, 0.2, 0.3, 0.18, 0.25, 0.284, 0.281]
14 : [0.0, 0.0, 0.0, 0.0, 0.02, 0.03, 0.03, 0.024]
15 : [0.0, 0.0, 0.0, 0.0, 0.02, 0.04, 0.038, 0.039]
16 : [0.0, 0.333, 0.2, 0.1, 0.18, 0.13, 0.148, 0.145]
17 : [0.0, 0.333, 0.2, 0.1, 0.14, 0.11, 0.112, 0.115]
18 : [0.0, 0.0, 0.2, 0.3, 0.2, 0.25, 0.202, 0.186]
19 : [0.0, 0.0, 0.0, 0.0, 0.02, 0.02, 0.028, 0.023]
20 : [0.0, 0.0, 0.0, 0.0, 0.0, 0.0, 0.0, 0.0]
21 : [0.0, 0.0, 0.0, 0.0, 0.24, 0.3, 0.286, 0.27]
22 : [0.0, 0.0, 0.0, 0.0, 0.0, 0.0, 0.0, 0.0]
23 : [1.0, 1.0, 0.8, 0.6, 0.46, 0.4, 0.33, 0.307]
24 : [0.0, 0.0, 0.0, 0.0, 0.04, 0.15, 0.156, 0.137]
25 : [0.0, 0.333, 0.4, 0.4, 0.26, 0.27, 0.228, 0.217]
26 : [0.0, 0.0, 0.0, 0.2, 0.2, 0.25, 0.234, 0.242]
27 : [0.0, 0.0, 0.0, 0.1, 0.18, 0.11, 0.12, 0.121]
28 : [0.0, 0.0, 0.0, 0.0, 0.04, 0.03, 0.022, 0.017]
29 : [1.0, 0.667, 0.6, 0.3, 0.1, 0.1, 0.168, 0.146]
30 : [0.0, 0.0, 0.0, 0.0, 0.04, 0.06, 0.058, 0.05]
31 : [0.0, 0.0, 0.0, 0.1, 0.1, 0.09, 0.086, 0.088]
32 : [0.0, 0.0, 0.0, 0.0, 0.02, 0.01, 0.008, 0.008]
33 : [0.0, 0.0, 0.0, 0.0, 0.1, 0.11, 0.144, 0.15]
34 : [0.0, 0.0, 0.0, 0.0, 0.06, 0.04, 0.06, 0.057]
35 : [0.0, 0.0, 0.0, 0.0, 0.02, 0.01, 0.004, 0.002]
36 : [0.0, 0.0, 0.0, 0.0, 0.04, 0.03, 0.028, 0.032]
37 : [0.0, 0.0, 0.0, 0.0, 0.0, 0.0, 0.028, 0.028]
38 : [0.0, 0.333, 0.2, 0.1, 0.08, 0.05, 0.044, 0.043]
39 : [0.0, 0.0, 0.0, 0.0, 0.02, 0.02, 0.036, 0.039]
40 : [1.0, 0.667, 0.4, 0.2, 0.16, 0.12, 0.1, 0.101]
41 : [0.0, 0.0, 0.0, 0.0, 0.02, 0.04, 0.038, 0.041]
42 : [0.0, 0.0, 0.0, 0.0, 0.0, 0.0, 0.0, 0.001]
43 : [0.0, 0.333, 0.2, 0.1, 0.18, 0.21, 0.14, 0.127]
44 : [0.0, 0.0, 0.0, 0.0, 0.06, 0.05, 0.044, 0.053]
45 : [0.0, 0.0, 0.0, 0.0, 0.02, 0.04, 0.026, 0.029]
46 : [0.0, 0.333, 0.4, 0.4, 0.16, 0.15, 0.164, 0.189]
47 : [0.0, 0.0, 0.0, 0.0, 0.02, 0.01, 0.068, 0.069]
48 : [0.0, 0.0, 0.4, 0.3, 0.18, 0.22, 0.224, 0.216]
49 : [0.0, 0.0, 0.0, 0.3, 0.24, 0.26, 0.21, 0.194]
50 : [0.0, 0.0, 0.0, 0.0, 0.06, 0.05, 0.056, 0.06]
51 : [0.0, 0.0, 0.0, 0.0, 0.0, 0.0, 0.004, 0.007]
52 : [0.0, 0.0, 0.0, 0.0, 0.0, 0.01, 0.012, 0.013]
53 : [0.0, 0.0, 0.0, 0.0, 0.0, 0.01, 0.002, 0.005]
54 : [1.0, 0.333, 0.2, 0.1, 0.06, 0.06, 0.022, 0.014]
55 : [0.0, 0.0, 0.0, 0.0, 0.0, 0.02, 0.02, 0.02]
56 : [1.0, 0.333, 0.4, 0.3, 0.46, 0.47, 0.466, 0.437]
57 : [0.0, 0.0, 0.0, 0.0, 0.02, 0.01, 0.006, 0.007]
58 : [0.0, 0.0, 0.0, 0.0, 0.0, 0.0, 0.034, 0.041]
59 : [0.0, 0.0, 0.0, 0.0, 0.06, 0.05, 0.038, 0.034]
60 : [0.0, 0.0, 0.4, 0.3, 0.3, 0.32, 0.316, 0.308]
61 : [0.0, 0.0, 0.0, 0.0, 0.0, 0.0, 0.0, 0.0]
62 : [0.0, 0.0, 0.0, 0.0, 0.02, 0.01, 0.006, 0.004]
63 : [1.0, 0.333, 0.4, 0.3, 0.12, 0.21, 0.156, 0.139]
64 : [0.0, 0.0, 0.0, 0.1, 0.16, 0.11, 0.11, 0.1]
65 : [0.0, 0.0, 0.0, 0.0, 0.0, 0.01, 0.01, 0.01]
66 : [0.0, 0.0, 0.0, 0.0, 0.02, 0.04, 0.036, 0.036]
67 : [0.0, 0.0, 0.0, 0.0, 0.0, 0.0, 0.0, 0.0]
68 : [1.0, 0.333, 0.4, 0.3, 0.26, 0.23, 0.274, 0.279]
69 : [0.0, 0.0, 0.0, 0.0, 0.0, 0.0, 0.0, 0.0]
70 : [0.0, 0.0, 0.0, 0.0, 0.02, 0.01, 0.016, 0.016]
71 : [0.0, 0.0, 0.0, 0.0, 0.02, 0.04, 0.056, 0.067]
72 : [0.0, 0.0, 0.0, 0.0, 0.02, 0.01, 0.006, 0.004]
73 : [0.0, 0.0, 0.0, 0.0, 0.02, 0.05, 0.062, 0.066]
74 : [0.0, 0.0, 0.0, 0.2, 0.22, 0.15, 0.114, 0.116]
75 : [0.0, 0.0, 0.0, 0.0, 0.0, 0.0, 0.002, 0.002]
76 : [1.0, 0.333, 0.2, 0.1, 0.12, 0.13, 0.166, 0.155]
77 : [0.0, 0.0, 0.0, 0.0, 0.0, 0.02, 0.024, 0.024]
78 : [0.0, 0.0, 0.2, 0.1, 0.24, 0.24, 0.23, 0.266]
79 : [0.0, 0.0, 0.0, 0.2, 0.14, 0.08, 0.098, 0.108]
80 : [0.0, 0.0, 0.0, 0.0, 0.1, 0.09, 0.068, 0.06]
81 : [1.0, 0.667, 0.8, 0.5, 0.4, 0.4, 0.424, 0.428]
82 : [0.0, 0.0, 0.0, 0.2, 0.08, 0.11, 0.074, 0.063]
83 : [0.0, 0.0, 0.0, 0.0, 0.06, 0.08, 0.056, 0.055]
84 : [0.0, 0.0, 0.0, 0.0, 0.02, 0.04, 0.036, 0.026]
85 : [0.0, 0.0, 0.2, 0.1, 0.04, 0.05, 0.058, 0.062]
86 : [0.0, 0.0, 0.0, 0.1, 0.02, 0.01, 0.012, 0.018]
87 : [0.0, 0.0, 0.0, 0.0, 0.0, 0.0, 0.008, 0.017]
88 : [0.0, 0.333, 0.2, 0.1, 0.04, 0.03, 0.032, 0.036]
89 : [0.0, 0.0, 0.2, 0.2, 0.14, 0.16, 0.118, 0.12]
90 : [0.0, 0.0, 0.0, 0.0, 0.06, 0.1, 0.096, 0.096]
91 : [0.0, 0.0, 0.0, 0.0, 0.0, 0.0, 0.008, 0.008]
92 : [0.0, 0.0, 0.2, 0.2, 0.2, 0.16, 0.106, 0.094]
93 : [0.0, 0.0, 0.0, 0.0, 0.0, 0.01, 0.004, 0.008]
94 : [0.0, 0.0, 0.0, 0.0, 0.0, 0.0, 0.002, 0.001]
95 : [0.0, 0.0, 0.0, 0.0, 0.3, 0.3, 0.268, 0.267]
96 : [1.0, 0.333, 0.2, 0.1, 0.1, 0.09, 0.066, 0.056]
97 : [0.0, 0.0, 0.0, 0.0, 0.06, 0.05, 0.148, 0.165]
98 : [0.0, 0.0, 0.0, 0.0, 0.0, 0.0, 0.006, 0.009]
99 : [0.0, 0.0, 0.0, 0.0, 0.08, 0.07, 0.086, 0.095]
100 : [0.0, 0.0, 0.0, 0.0, 0.02, 0.04, 0.044, 0.049]
101 : [0.0, 0.0, 0.0, 0.0, 0.08, 0.07, 0.06, 0.062]
102 : [1.0, 0.333, 0.2, 0.1, 0.1, 0.11, 0.096, 0.106]
103 : [0.0, 0.0, 0.0, 0.0, 0.02, 0.03, 0.054, 0.067]
104 : [0.0, 0.0, 0.0, 0.0, 0.0, 0.0, 0.012, 0.008]
105 : [1.0, 0.333, 0.2, 0.1, 0.08, 0.06, 0.05, 0.047]
106 : [0.0, 0.333, 0.2, 0.1, 0.08, 0.1, 0.08, 0.082]
107 : [0.0, 0.333, 0.2, 0.3, 0.26, 0.22, 0.218, 0.232]
108 : [0.0, 0.0, 0.0, 0.0, 0.16, 0.13, 0.152, 0.143]
109 : [0.0, 0.0, 0.0, 0.0, 0.0, 0.02, 0.008, 0.013]
110 : [0.0, 0.333, 0.2, 0.1, 0.02, 0.03, 0.014, 0.009]
111 : [0.0, 0.0, 0.0, 0.0, 0.04, 0.04, 0.036, 0.048]
112 : [0.0, 0.0, 0.0, 0.0, 0.0, 0.0, 0.006, 0.011]
113 : [0.0, 0.0, 0.0, 0.0, 0.04, 0.06, 0.052, 0.042]
114 : [0.0, 0.0, 0.0, 0.0, 0.0, 0.0, 0.0, 0.0]
115 : [0.0, 0.0, 0.0, 0.0, 0.2, 0.16, 0.172, 0.17]
116 : [0.0, 0.0, 0.0, 0.2, 0.22, 0.17, 0.09, 0.099]
117 : [1.0, 0.333, 0.4, 0.2, 0.28, 0.25, 0.228, 0.239]
118 : [0.0, 0.333, 0.2, 0.2, 0.16, 0.14, 0.096, 0.09]
119 : [0.0, 0.667, 0.4, 0.3, 0.2, 0.2, 0.196, 0.215]
120 : [0.0, 0.0, 0.0, 0.0, 0.0, 0.01, 0.006, 0.006]
121 : [1.0, 0.333, 0.2, 0.2, 0.2, 0.23, 0.232, 0.249]
122 : [0.0, 0.0, 0.0, 0.0, 0.0, 0.03, 0.018, 0.016]
123 : [0.0, 0.333, 0.2, 0.3, 0.18, 0.17, 0.138, 0.124]
124 : [0.0, 0.0, 0.0, 0.0, 0.04, 0.02, 0.014, 0.014]
125 : [0.0, 0.0, 0.0, 0.0, 0.02, 0.01, 0.008, 0.009]
126 : [0.0, 0.0, 0.0, 0.0, 0.02, 0.02, 0.016, 0.014]
127 : [0.0, 0.0, 0.0, 0.0, 0.08, 0.06, 0.102, 0.096]
128 : [0.0, 0.0, 0.0, 0.0, 0.0, 0.01, 0.004, 0.007]
129 : [0.0, 0.0, 0.2, 0.1, 0.06, 0.07, 0.092, 0.089]
130 : [0.0, 0.0, 0.0, 0.0, 0.0, 0.0, 0.0, 0.0]
131 : [0.0, 0.333, 0.4, 0.4, 0.44, 0.43, 0.496, 0.503]
132 : [0.0, 0.0, 0.0, 0.0, 0.06, 0.08, 0.058, 0.062]
133 : [0.0, 0.0, 0.0, 0.1, 0.04, 0.03, 0.024, 0.025]
134 : [1.0, 0.333, 0.2, 0.1, 0.04, 0.04, 0.048, 0.056]
135 : [0.0, 0.0, 0.0, 0.1, 0.14, 0.16, 0.19, 0.199]
136 : [0.0, 0.0, 0.0, 0.0, 0.0, 0.0, 0.002, 0.006]
137 : [0.0, 0.0, 0.2, 0.1, 0.06, 0.12, 0.116, 0.126]
138 : [0.0, 0.333, 0.2, 0.2, 0.08, 0.09, 0.128, 0.109]
139 : [0.0, 0.0, 0.0, 0.0, 0.08, 0.06, 0.072, 0.086]
140 : [0.0, 0.0, 0.0, 0.0, 0.0, 0.01, 0.036, 0.043]
141 : [0.0, 0.0, 0.0, 0.3, 0.4, 0.4, 0.362, 0.362]
142 : [0.0, 0.0, 0.0, 0.1, 0.06, 0.05, 0.036, 0.036]
143 : [0.0, 0.0, 0.2, 0.3, 0.12, 0.09, 0.058, 0.069]
144 : [0.0, 0.0, 0.0, 0.0, 0.02, 0.03, 0.06, 0.05]
145 : [0.0, 0.0, 0.0, 0.0, 0.02, 0.03, 0.04, 0.028]
146 : [0.0, 0.0, 0.2, 0.1, 0.02, 0.01, 0.02, 0.028]
147 : [0.0, 0.0, 0.0, 0.0, 0.12, 0.16, 0.166, 0.177]
148 : [0.0, 0.0, 0.0, 0.0, 0.02, 0.02, 0.06, 0.077]
149 : [0.0, 0.0, 0.0, 0.0, 0.0, 0.0, 0.002, 0.001]
150 : [0.0, 0.0, 0.0, 0.0, 0.0, 0.01, 0.014, 0.018]
151 : [1.0, 0.333, 0.2, 0.2, 0.06, 0.07, 0.066, 0.074]
152 : [0.0, 0.0, 0.0, 0.0, 0.06, 0.06, 0.082, 0.099]
153 : [0.0, 0.0, 0.0, 0.0, 0.02, 0.01, 0.014, 0.013]
154 : [0.0, 0.333, 0.2, 0.2, 0.16, 0.13, 0.108, 0.12]
155 : [0.0, 0.0, 0.0, 0.0, 0.02, 0.01, 0.01, 0.006]
156 : [0.0, 0.0, 0.0, 0.0, 0.0, 0.01, 0.012, 0.011]
157 : [0.0, 0.333, 0.4, 0.2, 0.1, 0.05, 0.07, 0.069]
158 : [0.0, 0.0, 0.0, 0.0, 0.0, 0.0, 0.006, 0.006]
159 : [0.0, 0.0, 0.0, 0.0, 0.0, 0.0, 0.002, 0.004]
160 : [0.0, 0.0, 0.0, 0.0, 0.0, 0.0, 0.006, 0.004]
161 : [0.0, 0.0, 0.0, 0.0, 0.0, 0.0, 0.0, 0.0]
162 : [0.0, 0.0, 0.0, 0.0, 0.0, 0.0, 0.0, 0.001]
163 : [0.0, 0.0, 0.0, 0.0, 0.0, 0.0, 0.0, 0.003]
164 : [0.0, 0.0, 0.0, 0.0, 0.0, 0.0, 0.0, 0.0]
165 : [0.0, 0.0, 0.0, 0.1, 0.08, 0.05, 0.04, 0.048]
166 : [0.0, 0.0, 0.0, 0.0, 0.0, 0.0, 0.0, 0.0]
167 : [0.0, 0.0, 0.0, 0.0, 0.04, 0.03, 0.04, 0.052]
168 : [0.0, 0.333, 0.4, 0.5, 0.34, 0.36, 0.336, 0.338]
169 : [0.0, 0.0, 0.0, 0.0, 0.04, 0.06, 0.052, 0.049]
170 : [0.0, 0.0, 0.0, 0.1, 0.02, 0.03, 0.086, 0.082]
171 : [0.0, 0.0, 0.2, 0.3, 0.6, 0.54, 0.472, 0.448]
172 : [0.0, 0.0, 0.0, 0.0, 0.0, 0.0, 0.01, 0.007]
173 : [0.0, 0.333, 0.2, 0.1, 0.08, 0.07, 0.058, 0.051]
174 : [0.0, 0.0, 0.0, 0.0, 0.0, 0.02, 0.018, 0.021]
175 : [0.0, 0.0, 0.0, 0.0, 0.02, 0.01, 0.002, 0.002]
176 : [0.0, 0.0, 0.0, 0.0, 0.0, 0.01, 0.002, 0.003]
177 : [0.0, 0.0, 0.0, 0.0, 0.02, 0.03, 0.02, 0.023]
178 : [0.0, 0.0, 0.0, 0.0, 0.02, 0.01, 0.002, 0.005]
179 : [0.0, 0.0, 0.0, 0.0, 0.06, 0.04, 0.084, 0.097]
180 : [0.0, 0.0, 0.0, 0.0, 0.0, 0.0, 0.0, 0.0]
181 : [0.0, 0.0, 0.0, 0.0, 0.06, 0.1, 0.138, 0.161]
182 : [0.0, 0.0, 0.0, 0.0, 0.0, 0.0, 0.0, 0.0]
183 : [0.0, 0.0, 0.0, 0.0, 0.0, 0.0, 0.004, 0.002]
184 : [0.0, 0.0, 0.0, 0.0, 0.0, 0.01, 0.048, 0.046]
185 : [0.0, 0.0, 0.0, 0.1, 0.08, 0.07, 0.048, 0.052]
186 : [1.0, 0.333, 0.4, 0.4, 0.34, 0.4, 0.424, 0.406]
187 : [0.0, 0.0, 0.0, 0.0, 0.0, 0.0, 0.0, 0.002]
188 : [0.0, 0.0, 0.0, 0.0, 0.0, 0.01, 0.004, 0.002]
189 : [0.0, 0.0, 0.0, 0.0, 0.0, 0.0, 0.022, 0.027]
190 : [1.0, 0.333, 0.2, 0.1, 0.02, 0.01, 0.004, 0.002]
191 : [0.0, 0.0, 0.0, 0.0, 0.0, 0.0, 0.002, 0.005]
192 : [0.0, 0.0, 0.0, 0.0, 0.0, 0.0, 0.0, 0.0]
193 : [0.0, 0.0, 0.0, 0.0, 0.0, 0.0, 0.0, 0.0]
194 : [0.0, 0.0, 0.0, 0.0, 0.08, 0.06, 0.07, 0.073]
195 : [0.0, 0.0, 0.0, 0.0, 0.02, 0.06, 0.026, 0.022]
196 : [0.0, 0.0, 0.0, 0.0, 0.0, 0.0, 0.0, 0.0]
197 : [0.0, 0.0, 0.0, 0.0, 0.0, 0.0, 0.0, 0.0]
198 : [0.0, 0.0, 0.0, 0.0, 0.0, 0.0, 0.024, 0.014]
199 : [0.0, 0.0, 0.0, 0.0, 0.0, 0.0, 0.006, 0.004]
200 : [0.0, 0.0, 0.0, 0.0, 0.02, 0.02, 0.03, 0.023]
201 : [0.0, 0.0, 0.0, 0.1, 0.18, 0.13, 0.138, 0.138]
202 : [0.0, 0.0, 0.0, 0.0, 0.0, 0.0, 0.004, 0.01]
203 : [0.0, 0.0, 0.0, 0.0, 0.0, 0.0, 0.0, 0.0]
204 : [1.0, 0.333, 0.2, 0.2, 0.34, 0.39, 0.38, 0.362]
205 : [0.0, 0.0, 0.0, 0.1, 0.08, 0.05, 0.07, 0.069]
206 : [0.0, 0.0, 0.0, 0.1, 0.06, 0.16, 0.188, 0.191]
207 : [0.0, 0.0, 0.0, 0.1, 0.16, 0.15, 0.114, 0.106]
208 : [0.0, 0.0, 0.0, 0.0, 0.02, 0.01, 0.014, 0.022]
209 : [0.0, 0.0, 0.0, 0.0, 0.0, 0.01, 0.024, 0.025]
210 : [0.0, 0.0, 0.0, 0.0, 0.0, 0.0, 0.002, 0.001]
211 : [0.0, 0.0, 0.2, 0.1, 0.08, 0.06, 0.048, 0.043]
212 : [0.0, 0.0, 0.0, 0.0, 0.0, 0.0, 0.0, 0.0]
213 : [0.0, 0.0, 0.2, 0.1, 0.08, 0.09, 0.11, 0.108]
214 : [0.0, 0.0, 0.0, 0.0, 0.02, 0.01, 0.006, 0.003]
215 : [0.0, 0.0, 0.0, 0.0, 0.0, 0.03, 0.042, 0.042]
216 : [0.0, 0.0, 0.0, 0.1, 0.04, 0.03, 0.032, 0.026]
217 : [1.0, 0.667, 0.8, 0.8, 0.64, 0.65, 0.652, 0.645]
218 : [0.0, 0.0, 0.0, 0.0, 0.0, 0.01, 0.006, 0.006]
219 : [0.0, 0.0, 0.0, 0.0, 0.02, 0.02, 0.012, 0.016]
220 : [0.0, 0.0, 0.2, 0.1, 0.08, 0.08, 0.046, 0.037]
221 : [0.0, 0.333, 0.2, 0.2, 0.16, 0.14, 0.168, 0.192]
222 : [0.0, 0.0, 0.0, 0.0, 0.0, 0.0, 0.004, 0.003]
223 : [0.0, 0.0, 0.0, 0.0, 0.02, 0.01, 0.006, 0.005]
224 : [0.0, 0.0, 0.0, 0.0, 0.02, 0.01, 0.028, 0.025]
225 : [0.0, 0.0, 0.0, 0.0, 0.04, 0.03, 0.07, 0.071]
226 : [0.0, 0.0, 0.0, 0.0, 0.02, 0.01, 0.018, 0.028]
227 : [0.0, 0.0, 0.0, 0.0, 0.0, 0.0, 0.002, 0.005]
228 : [0.0, 0.667, 0.6, 0.5, 0.36, 0.43, 0.37, 0.345]
229 : [0.0, 0.0, 0.2, 0.1, 0.08, 0.06, 0.066, 0.06]
230 : [0.0, 0.0, 0.0, 0.0, 0.0, 0.0, 0.016, 0.01]
231 : [0.0, 0.0, 0.0, 0.1, 0.06, 0.08, 0.09, 0.107]
232 : [0.0, 0.0, 0.0, 0.0, 0.0, 0.0, 0.0, 0.0]
233 : [0.0, 0.0, 0.0, 0.0, 0.02, 0.02, 0.03, 0.024]
234 : [0.0, 0.0, 0.0, 0.2, 0.24, 0.27, 0.186, 0.187]
235 : [0.0, 0.0, 0.0, 0.0, 0.1, 0.13, 0.134, 0.152]
236 : [0.0, 0.0, 0.0, 0.0, 0.0, 0.0, 0.0, 0.0]
237 : [0.0, 0.0, 0.4, 0.3, 0.2, 0.19, 0.27, 0.282]
238 : [0.0, 0.0, 0.0, 0.3, 0.3, 0.26, 0.21, 0.217]
239 : [0.0, 0.0, 0.0, 0.0, 0.1, 0.08, 0.066, 0.069]
240 : [0.0, 0.0, 0.0, 0.0, 0.06, 0.11, 0.12, 0.118]
241 : [0.0, 0.0, 0.0, 0.0, 0.0, 0.0, 0.0, 0.001]
242 : [0.0, 0.0, 0.0, 0.0, 0.0, 0.0, 0.0, 0.0]
243 : [0.0, 0.0, 0.0, 0.0, 0.0, 0.01, 0.018, 0.017]
244 : [0.0, 0.0, 0.0, 0.0, 0.0, 0.0, 0.0, 0.0]
245 : [0.0, 0.0, 0.0, 0.0, 0.04, 0.03, 0.026, 0.019]
246 : [0.0, 0.0, 0.0, 0.2, 0.22, 0.25, 0.208, 0.22]
247 : [0.0, 0.0, 0.0, 0.1, 0.02, 0.02, 0.006, 0.004]
248 : [0.0, 0.333, 0.4, 0.2, 0.1, 0.09, 0.056, 0.048]
249 : [0.0, 0.0, 0.0, 0.0, 0.0, 0.0, 0.0, 0.0]
250 : [0.0, 0.0, 0.0, 0.0, 0.0, 0.0, 0.0, 0.0]
251 : [0.0, 0.0, 0.0, 0.0, 0.0, 0.01, 0.014, 0.016]
252 : [0.0, 0.0, 0.2, 0.2, 0.22, 0.27, 0.252, 0.265]
253 : [0.0, 0.667, 0.4, 0.3, 0.28, 0.27, 0.294, 0.29]
254 : [1.0, 0.667, 0.4, 0.3, 0.34, 0.28, 0.304, 0.314]
255 : [0.0, 0.0, 0.0, 0.0, 0.02, 0.01, 0.012, 0.016]
256 : [0.0, 0.0, 0.0, 0.0, 0.0, 0.0, 0.01, 0.009]
257 : [0.0, 0.667, 0.6, 0.3, 0.26, 0.24, 0.232, 0.251]
258 : [0.0, 0.0, 0.0, 0.0, 0.0, 0.0, 0.002, 0.003]
259 : [1.0, 0.333, 0.2, 0.2, 0.2, 0.22, 0.242, 0.221]
260 : [0.0, 0.333, 0.4, 0.2, 0.14, 0.11, 0.102, 0.103]
261 : [0.0, 0.0, 0.2, 0.3, 0.28, 0.31, 0.338, 0.342]
262 : [0.0, 0.0, 0.0, 0.0, 0.04, 0.03, 0.034, 0.037]
263 : [1.0, 0.333, 0.2, 0.1, 0.02, 0.01, 0.028, 0.03]
264 : [0.0, 0.0, 0.0, 0.0, 0.02, 0.01, 0.02, 0.01]
265 : [0.0, 0.0, 0.4, 0.3, 0.16, 0.13, 0.122, 0.112]
266 : [0.0, 0.0, 0.0, 0.0, 0.04, 0.03, 0.034, 0.035]
267 : [0.0, 0.333, 0.6, 0.6, 0.54, 0.46, 0.5, 0.497]
268 : [0.0, 0.0, 0.0, 0.0, 0.0, 0.01, 0.016, 0.016]
269 : [0.0, 0.0, 0.0, 0.0, 0.0, 0.01, 0.028, 0.032]
270 : [0.0, 0.0, 0.0, 0.0, 0.0, 0.0, 0.0, 0.003]
271 : [0.0, 0.0, 0.0, 0.0, 0.0, 0.0, 0.0, 0.0]
272 : [0.0, 0.0, 0.0, 0.0, 0.04, 0.02, 0.04, 0.037]
273 : [0.0, 0.0, 0.2, 0.2, 0.1, 0.06, 0.112, 0.103]
274 : [0.0, 0.0, 0.0, 0.0, 0.0, 0.0, 0.0, 0.0]
275 : [0.0, 0.0, 0.0, 0.0, 0.0, 0.0, 0.0, 0.0]
276 : [0.0, 0.333, 0.4, 0.2, 0.32, 0.32, 0.304, 0.343]
277 : [0.0, 0.0, 0.0, 0.0, 0.06, 0.05, 0.052, 0.053]
278 : [0.0, 0.0, 0.0, 0.2, 0.18, 0.15, 0.174, 0.171]
279 : [0.0, 0.0, 0.2, 0.1, 0.14, 0.09, 0.1, 0.113]
280 : [0.0, 0.667, 0.4, 0.3, 0.12, 0.17, 0.214, 0.244]
281 : [0.0, 0.0, 0.0, 0.0, 0.08, 0.07, 0.046, 0.042]
282 : [0.0, 0.0, 0.0, 0.1, 0.04, 0.04, 0.068, 0.069]
283 : [0.0, 0.0, 0.0, 0.2, 0.2, 0.14, 0.178, 0.178]
284 : [0.0, 0.0, 0.0, 0.1, 0.12, 0.15, 0.16, 0.168]
285 : [0.0, 0.0, 0.2, 0.1, 0.08, 0.07, 0.036, 0.024]
286 : [0.0, 0.333, 0.2, 0.1, 0.06, 0.07, 0.042, 0.044]
287 : [0.0, 0.0, 0.0, 0.0, 0.0, 0.0, 0.0, 0.0]
288 : [0.0, 0.667, 0.6, 0.5, 0.34, 0.28, 0.286, 0.255]
289 : [0.0, 0.0, 0.0, 0.1, 0.06, 0.04, 0.034, 0.037]
290 : [0.0, 0.0, 0.0, 0.1, 0.06, 0.04, 0.036, 0.028]
291 : [1.0, 0.333, 0.4, 0.2, 0.1, 0.14, 0.124, 0.107]
292 : [0.0, 0.0, 0.0, 0.0, 0.14, 0.11, 0.116, 0.115]
293 : [0.0, 0.0, 0.0, 0.0, 0.0, 0.0, 0.002, 0.004]
294 : [0.0, 0.0, 0.0, 0.0, 0.04, 0.02, 0.02, 0.027]
295 : [0.0, 0.333, 0.2, 0.1, 0.02, 0.03, 0.022, 0.022]
296 : [1.0, 0.333, 0.2, 0.1, 0.14, 0.12, 0.166, 0.169]
297 : [0.0, 0.0, 0.0, 0.0, 0.0, 0.0, 0.002, 0.001]
298 : [0.0, 0.0, 0.0, 0.0, 0.02, 0.01, 0.018, 0.017]
299 : [0.0, 0.0, 0.0, 0.0, 0.04, 0.05, 0.072, 0.079]
300 : [1.0, 1.0, 0.8, 0.8, 0.6, 0.58, 0.598, 0.583]
301 : [0.0, 0.0, 0.0, 0.1, 0.1, 0.1, 0.096, 0.108]
302 : [1.0, 0.667, 0.6, 0.5, 0.28, 0.19, 0.232, 0.231]
303 : [0.0, 0.0, 0.0, 0.0, 0.0, 0.0, 0.012, 0.009]
304 : [0.0, 0.667, 0.6, 0.4, 0.24, 0.28, 0.214, 0.213]
305 : [0.0, 0.0, 0.0, 0.0, 0.1, 0.06, 0.064, 0.08]
306 : [0.0, 0.0, 0.0, 0.0, 0.06, 0.04, 0.07, 0.064]
307 : [0.0, 0.0, 0.0, 0.0, 0.0, 0.01, 0.016, 0.013]
308 : [0.0, 0.0, 0.0, 0.0, 0.02, 0.03, 0.02, 0.029]
309 : [0.0, 0.0, 0.2, 0.2, 0.36, 0.39, 0.364, 0.352]
310 : [0.0, 0.0, 0.0, 0.1, 0.04, 0.02, 0.032, 0.035]
311 : [0.0, 0.333, 0.2, 0.1, 0.12, 0.11, 0.156, 0.17]
312 : [0.0, 0.0, 0.2, 0.2, 0.26, 0.25, 0.168, 0.153]
313 : [0.0, 0.0, 0.0, 0.0, 0.02, 0.07, 0.064, 0.065]
314 : [0.0, 0.0, 0.2, 0.1, 0.18, 0.19, 0.17, 0.182]
315 : [0.0, 0.0, 0.0, 0.1, 0.02, 0.01, 0.012, 0.013]
316 : [1.0, 0.333, 0.4, 0.2, 0.34, 0.36, 0.344, 0.344]
317 : [0.0, 0.0, 0.0, 0.1, 0.12, 0.17, 0.222, 0.234]
318 : [1.0, 0.333, 0.2, 0.2, 0.12, 0.1, 0.092, 0.088]
319 : [0.0, 0.0, 0.0, 0.1, 0.06, 0.06, 0.028, 0.029]
320 : [0.0, 0.0, 0.0, 0.0, 0.18, 0.2, 0.252, 0.288]
321 : [0.0, 0.0, 0.0, 0.0, 0.02, 0.02, 0.01, 0.013]
322 : [0.0, 0.0, 0.0, 0.0, 0.02, 0.02, 0.04, 0.044]
323 : [0.0, 0.0, 0.0, 0.0, 0.08, 0.11, 0.088, 0.091]
324 : [0.0, 0.0, 0.0, 0.0, 0.0, 0.0, 0.0, 0.0]
325 : [0.0, 0.333, 0.2, 0.1, 0.12, 0.12, 0.126, 0.117]
326 : [0.0, 0.0, 0.0, 0.0, 0.0, 0.0, 0.0, 0.0]
327 : [0.0, 0.0, 0.0, 0.0, 0.0, 0.01, 0.038, 0.041]
328 : [0.0, 0.0, 0.2, 0.4, 0.46, 0.39, 0.476, 0.488]
329 : [0.0, 0.0, 0.0, 0.0, 0.0, 0.0, 0.002, 0.002]
330 : [0.0, 0.0, 0.0, 0.1, 0.02, 0.02, 0.02, 0.025]
331 : [0.0, 0.0, 0.0, 0.0, 0.0, 0.01, 0.014, 0.014]
332 : [0.0, 0.0, 0.0, 0.2, 0.14, 0.23, 0.242, 0.25]
333 : [0.0, 0.0, 0.0, 0.0, 0.1, 0.12, 0.098, 0.097]
334 : [1.0, 0.333, 0.2, 0.3, 0.16, 0.09, 0.104, 0.11]
335 : [0.0, 0.0, 0.0, 0.0, 0.0, 0.0, 0.002, 0.004]
336 : [0.0, 0.0, 0.0, 0.0, 0.12, 0.08, 0.088, 0.102]
337 : [0.0, 0.0, 0.0, 0.0, 0.0, 0.0, 0.008, 0.012]
338 : [0.0, 0.0, 0.0, 0.0, 0.0, 0.02, 0.03, 0.034]
339 : [0.0, 0.667, 0.4, 0.2, 0.14, 0.16, 0.116, 0.106]
340 : [1.0, 0.333, 0.2, 0.1, 0.08, 0.14, 0.106, 0.104]
341 : [0.0, 0.333, 0.2, 0.2, 0.2, 0.15, 0.15, 0.15]
342 : [1.0, 0.667, 0.6, 0.8, 0.68, 0.65, 0.588, 0.568]
343 : [1.0, 0.667, 0.4, 0.2, 0.16, 0.12, 0.144, 0.132]
344 : [0.0, 0.0, 0.0, 0.0, 0.0, 0.01, 0.014, 0.013]
345 : [0.0, 0.333, 0.2, 0.1, 0.08, 0.07, 0.064, 0.055]
346 : [1.0, 0.333, 0.4, 0.4, 0.32, 0.27, 0.312, 0.318]
347 : [0.0, 0.0, 0.0, 0.0, 0.04, 0.07, 0.086, 0.107]
348 : [0.0, 0.0, 0.0, 0.0, 0.0, 0.0, 0.0, 0.001]
349 : [0.0, 0.0, 0.2, 0.1, 0.02, 0.01, 0.014, 0.016]
350 : [0.0, 0.0, 0.0, 0.0, 0.0, 0.0, 0.0, 0.0]
351 : [0.0, 0.0, 0.0, 0.0, 0.06, 0.12, 0.08, 0.061]
352 : [0.0, 0.0, 0.0, 0.0, 0.02, 0.03, 0.03, 0.029]
353 : [0.0, 0.0, 0.0, 0.0, 0.0, 0.0, 0.002, 0.006]
354 : [0.0, 0.0, 0.0, 0.0, 0.04, 0.03, 0.04, 0.035]
355 : [0.0, 0.0, 0.2, 0.1, 0.06, 0.04, 0.022, 0.018]
356 : [0.0, 0.0, 0.0, 0.3, 0.2, 0.17, 0.21, 0.229]
357 : [0.0, 0.0, 0.0, 0.0, 0.0, 0.01, 0.062, 0.067]
358 : [1.0, 0.333, 0.2, 0.3, 0.14, 0.13, 0.126, 0.113]
359 : [0.0, 0.0, 0.0, 0.0, 0.0, 0.0, 0.002, 0.001]
360 : [0.0, 0.0, 0.0, 0.0, 0.0, 0.0, 0.0, 0.0]
361 : [0.0, 0.0, 0.0, 0.1, 0.1, 0.08, 0.062, 0.071]
362 : [0.0, 0.333, 0.2, 0.4, 0.38, 0.29, 0.342, 0.347]
363 : [0.0, 0.0, 0.0, 0.2, 0.2, 0.15, 0.16, 0.158]
364 : [1.0, 0.333, 0.2, 0.1, 0.04, 0.03, 0.018, 0.017]
365 : [0.0, 0.0, 0.2, 0.1, 0.06, 0.12, 0.14, 0.131]
366 : [0.0, 0.0, 0.2, 0.1, 0.3, 0.35, 0.298, 0.31]
367 : [0.0, 0.0, 0.0, 0.0, 0.04, 0.03, 0.026, 0.027]
368 : [0.0, 0.0, 0.0, 0.0, 0.04, 0.05, 0.066, 0.071]
369 : [0.0, 0.333, 0.2, 0.1, 0.08, 0.08, 0.072, 0.089]
370 : [0.0, 0.0, 0.0, 0.0, 0.0, 0.0, 0.002, 0.004]
371 : [0.0, 0.0, 0.0, 0.0, 0.0, 0.0, 0.0, 0.002]
372 : [0.0, 0.333, 0.2, 0.3, 0.2, 0.22, 0.192, 0.201]
373 : [0.0, 0.0, 0.0, 0.1, 0.1, 0.09, 0.086, 0.079]
374 : [0.0, 0.0, 0.0, 0.0, 0.02, 0.03, 0.024, 0.026]
375 : [1.0, 0.333, 0.2, 0.2, 0.28, 0.3, 0.274, 0.284]
376 : [0.0, 0.0, 0.0, 0.1, 0.08, 0.07, 0.046, 0.061]
377 : [1.0, 0.333, 0.2, 0.4, 0.34, 0.34, 0.416, 0.387]
378 : [0.0, 0.0, 0.0, 0.0, 0.0, 0.0, 0.026, 0.023]
379 : [0.0, 0.0, 0.0, 0.0, 0.08, 0.16, 0.214, 0.225]
380 : [1.0, 0.333, 0.2, 0.3, 0.28, 0.25, 0.228, 0.24]
381 : [0.0, 0.0, 0.2, 0.2, 0.14, 0.15, 0.138, 0.135]
382 : [0.0, 0.0, 0.0, 0.0, 0.08, 0.07, 0.112, 0.14]
383 : [0.0, 0.0, 0.0, 0.0, 0.06, 0.03, 0.036, 0.036]
384 : [0.0, 0.333, 0.2, 0.1, 0.06, 0.05, 0.038, 0.034]
385 : [0.0, 0.0, 0.0, 0.0, 0.14, 0.14, 0.156, 0.153]
386 : [0.0, 0.0, 0.0, 0.2, 0.42, 0.42, 0.414, 0.436]
387 : [0.0, 0.0, 0.0, 0.0, 0.0, 0.0, 0.0, 0.001]
388 : [0.0, 0.0, 0.0, 0.1, 0.08, 0.11, 0.09, 0.094]
389 : [0.0, 0.0, 0.0, 0.0, 0.02, 0.01, 0.018, 0.019]
390 : [0.0, 0.0, 0.2, 0.1, 0.1, 0.16, 0.112, 0.115]
391 : [0.0, 0.0, 0.2, 0.3, 0.24, 0.2, 0.164, 0.15]
392 : [0.0, 0.0, 0.0, 0.0, 0.06, 0.03, 0.018, 0.013]
393 : [0.0, 0.333, 0.4, 0.3, 0.18, 0.15, 0.11, 0.107]
394 : [0.0, 0.0, 0.0, 0.0, 0.02, 0.02, 0.024, 0.019]
395 : [0.0, 0.0, 0.0, 0.0, 0.0, 0.0, 0.02, 0.022]
396 : [0.0, 0.333, 0.2, 0.1, 0.18, 0.16, 0.132, 0.122]
397 : [0.0, 0.0, 0.0, 0.0, 0.02, 0.01, 0.006, 0.006]
398 : [0.0, 0.0, 0.0, 0.0, 0.0, 0.0, 0.0, 0.0]
399 : [0.0, 0.0, 0.0, 0.1, 0.1, 0.09, 0.082, 0.083]
400 : [0.0, 0.0, 0.0, 0.0, 0.18, 0.24, 0.164, 0.18]
401 : [0.0, 0.0, 0.0, 0.0, 0.04, 0.08, 0.08, 0.074]
402 : [0.0, 0.0, 0.2, 0.1, 0.02, 0.02, 0.042, 0.033]
403 : [0.0, 0.0, 0.0, 0.0, 0.02, 0.01, 0.012, 0.013]
404 : [0.0, 0.0, 0.0, 0.0, 0.0, 0.0, 0.0, 0.0]
405 : [0.0, 0.667, 0.4, 0.2, 0.3, 0.27, 0.276, 0.267]
406 : [0.0, 0.0, 0.0, 0.0, 0.0, 0.01, 0.022, 0.028]
407 : [0.0, 0.0, 0.0, 0.0, 0.02, 0.01, 0.008, 0.006]
408 : [0.0, 0.0, 0.0, 0.0, 0.02, 0.02, 0.06, 0.098]
409 : [0.0, 0.0, 0.0, 0.0, 0.06, 0.04, 0.028, 0.03]
410 : [0.0, 0.0, 0.0, 0.0, 0.04, 0.06, 0.062, 0.07]
411 : [0.0, 0.0, 0.0, 0.0, 0.0, 0.01, 0.016, 0.013]
412 : [0.0, 0.0, 0.0, 0.0, 0.02, 0.01, 0.006, 0.007]
413 : [0.0, 0.0, 0.0, 0.0, 0.06, 0.08, 0.06, 0.064]
414 : [0.0, 0.0, 0.0, 0.1, 0.1, 0.08, 0.108, 0.107]
415 : [1.0, 0.667, 0.6, 0.5, 0.28, 0.27, 0.202, 0.179]
416 : [0.0, 0.0, 0.0, 0.0, 0.0, 0.0, 0.004, 0.005]
417 : [0.0, 0.0, 0.0, 0.0, 0.0, 0.0, 0.0, 0.001]
418 : [0.0, 0.0, 0.0, 0.0, 0.04, 0.05, 0.07, 0.06]
419 : [0.0, 0.0, 0.0, 0.0, 0.02, 0.01, 0.01, 0.008]
420 : [0.0, 0.0, 0.0, 0.0, 0.02, 0.01, 0.002, 0.002]
421 : [0.0, 0.0, 0.0, 0.0, 0.0, 0.02, 0.034, 0.031]
422 : [0.0, 0.0, 0.0, 0.0, 0.0, 0.0, 0.0, 0.0]
423 : [0.0, 0.0, 0.0, 0.0, 0.02, 0.05, 0.058, 0.061]
424 : [0.0, 0.0, 0.0, 0.3, 0.24, 0.19, 0.208, 0.203]
425 : [0.0, 0.333, 0.2, 0.2, 0.52, 0.55, 0.594, 0.586]
426 : [0.0, 0.0, 0.0, 0.1, 0.04, 0.03, 0.022, 0.026]
427 : [0.0, 0.0, 0.0, 0.0, 0.0, 0.0, 0.0, 0.003]
428 : [0.0, 0.0, 0.0, 0.0, 0.04, 0.05, 0.03, 0.023]
429 : [0.0, 0.0, 0.0, 0.0, 0.0, 0.0, 0.002, 0.004]
430 : [0.0, 0.0, 0.0, 0.0, 0.0, 0.0, 0.006, 0.004]
431 : [0.0, 0.0, 0.0, 0.0, 0.02, 0.02, 0.008, 0.01]
432 : [0.0, 0.0, 0.0, 0.1, 0.1, 0.1, 0.092, 0.089]
433 : [0.0, 0.0, 0.0, 0.0, 0.0, 0.0, 0.002, 0.002]
434 : [0.0, 0.0, 0.0, 0.1, 0.14, 0.13, 0.082, 0.095]
435 : [1.0, 0.333, 0.2, 0.1, 0.02, 0.01, 0.01, 0.008]
436 : [0.0, 0.0, 0.0, 0.0, 0.0, 0.0, 0.0, 0.0]
437 : [0.0, 0.0, 0.0, 0.2, 0.12, 0.1, 0.074, 0.074]
438 : [0.0, 0.0, 0.0, 0.0, 0.1, 0.09, 0.09, 0.076]
439 : [0.0, 0.0, 0.0, 0.0, 0.08, 0.07, 0.056, 0.052]
440 : [0.0, 0.0, 0.0, 0.0, 0.0, 0.0, 0.0, 0.0]
441 : [0.0, 0.0, 0.0, 0.0, 0.08, 0.05, 0.042, 0.043]
442 : [0.0, 0.0, 0.0, 0.0, 0.04, 0.06, 0.052, 0.049]
443 : [0.0, 0.0, 0.0, 0.1, 0.04, 0.03, 0.034, 0.029]
444 : [0.0, 0.333, 0.2, 0.1, 0.18, 0.23, 0.218, 0.22]
445 : [0.0, 0.0, 0.0, 0.0, 0.0, 0.0, 0.02, 0.024]
446 : [0.0, 0.0, 0.0, 0.0, 0.0, 0.0, 0.0, 0.0]
447 : [0.0, 0.0, 0.0, 0.0, 0.0, 0.01, 0.004, 0.007]
448 : [0.0, 0.0, 0.0, 0.2, 0.12, 0.13, 0.198, 0.19]
449 : [0.0, 0.0, 0.2, 0.2, 0.12, 0.09, 0.104, 0.109]
450 : [0.0, 0.333, 0.2, 0.1, 0.08, 0.06, 0.05, 0.043]
451 : [0.0, 0.0, 0.0, 0.0, 0.0, 0.0, 0.006, 0.006]
452 : [1.0, 0.667, 0.4, 0.5, 0.3, 0.33, 0.388, 0.403]
453 : [1.0, 0.667, 0.6, 0.5, 0.46, 0.41, 0.368, 0.354]
454 : [0.0, 0.0, 0.0, 0.0, 0.0, 0.0, 0.006, 0.007]
455 : [0.0, 0.0, 0.0, 0.0, 0.0, 0.0, 0.0, 0.0]
456 : [0.0, 0.0, 0.0, 0.0, 0.0, 0.05, 0.032, 0.036]
457 : [0.0, 0.0, 0.0, 0.0, 0.0, 0.0, 0.004, 0.004]
458 : [1.0, 0.333, 0.2, 0.4, 0.26, 0.2, 0.216, 0.196]
459 : [0.0, 0.0, 0.0, 0.0, 0.22, 0.27, 0.252, 0.24]
460 : [0.0, 0.0, 0.0, 0.0, 0.1, 0.12, 0.092, 0.102]
461 : [0.0, 0.333, 0.6, 0.7, 0.56, 0.5, 0.452, 0.417]
462 : [0.0, 0.0, 0.0, 0.2, 0.04, 0.03, 0.05, 0.039]
463 : [0.0, 0.0, 0.0, 0.0, 0.0, 0.0, 0.0, 0.0]
464 : [0.0, 0.0, 0.0, 0.0, 0.0, 0.01, 0.004, 0.002]
465 : [0.0, 0.0, 0.0, 0.0, 0.04, 0.02, 0.026, 0.026]
466 : [0.0, 0.0, 0.0, 0.0, 0.02, 0.04, 0.03, 0.033]
467 : [0.0, 0.0, 0.0, 0.1, 0.02, 0.01, 0.026, 0.022]
468 : [0.0, 0.667, 0.4, 0.2, 0.26, 0.27, 0.264, 0.259]
469 : [0.0, 0.0, 0.0, 0.0, 0.0, 0.0, 0.0, 0.0]
470 : [0.0, 0.333, 0.2, 0.1, 0.1, 0.09, 0.132, 0.116]
471 : [0.0, 0.0, 0.0, 0.0, 0.0, 0.0, 0.0, 0.0]
472 : [1.0, 0.667, 0.4, 0.2, 0.24, 0.32, 0.196, 0.19]
473 : [1.0, 1.0, 1.0, 0.9, 0.68, 0.59, 0.552, 0.513]
474 : [0.0, 0.333, 0.2, 0.2, 0.34, 0.42, 0.354, 0.353]
475 : [0.0, 0.0, 0.0, 0.1, 0.12, 0.15, 0.102, 0.084]
476 : [0.0, 0.0, 0.0, 0.0, 0.04, 0.04, 0.058, 0.059]
477 : [0.0, 0.0, 0.0, 0.0, 0.06, 0.09, 0.09, 0.09]
478 : [0.0, 0.0, 0.0, 0.0, 0.02, 0.02, 0.032, 0.029]
479 : [0.0, 0.0, 0.0, 0.0, 0.02, 0.02, 0.012, 0.012]
480 : [0.0, 0.667, 0.6, 0.5, 0.3, 0.36, 0.34, 0.334]
481 : [0.0, 0.0, 0.0, 0.0, 0.0, 0.01, 0.008, 0.009]
482 : [0.0, 0.0, 0.0, 0.0, 0.0, 0.0, 0.024, 0.035]
483 : [0.0, 0.0, 0.0, 0.2, 0.08, 0.04, 0.028, 0.021]
484 : [0.0, 0.0, 0.0, 0.0, 0.0, 0.01, 0.012, 0.018]
485 : [0.0, 0.0, 0.0, 0.0, 0.04, 0.04, 0.026, 0.03]
486 : [0.0, 0.0, 0.0, 0.0, 0.0, 0.01, 0.024, 0.028]
487 : [0.0, 0.0, 0.0, 0.0, 0.02, 0.02, 0.024, 0.017]
488 : [0.0, 0.0, 0.2, 0.2, 0.22, 0.19, 0.178, 0.189]
489 : [0.0, 0.0, 0.0, 0.0, 0.04, 0.04, 0.076, 0.076]
490 : [0.0, 0.0, 0.0, 0.0, 0.0, 0.02, 0.058, 0.053]
491 : [0.0, 0.333, 0.4, 0.2, 0.14, 0.1, 0.086, 0.09]
492 : [0.0, 0.0, 0.0, 0.0, 0.02, 0.02, 0.022, 0.031]
493 : [0.0, 0.0, 0.0, 0.0, 0.0, 0.0, 0.002, 0.001]
494 : [0.0, 0.0, 0.0, 0.0, 0.0, 0.0, 0.0, 0.0]
495 : [1.0, 0.333, 0.2, 0.1, 0.04, 0.05, 0.078, 0.064]
496 : [0.0, 0.0, 0.0, 0.0, 0.0, 0.0, 0.0, 0.0]
497 : [0.0, 0.0, 0.0, 0.0, 0.02, 0.02, 0.03, 0.039]
498 : [0.0, 0.0, 0.0, 0.3, 0.16, 0.12, 0.086, 0.084]
499 : [1.0, 0.333, 0.4, 0.2, 0.12, 0.1, 0.192, 0.193]
500 : [0.0, 0.0, 0.0, 0.0, 0.0, 0.01, 0.004, 0.003]
501 : [0.0, 0.333, 0.2, 0.2, 0.1, 0.06, 0.05, 0.059]
502 : [0.0, 0.0, 0.4, 0.2, 0.1, 0.08, 0.078, 0.066]
503 : [0.0, 0.0, 0.0, 0.0, 0.06, 0.08, 0.058, 0.059]
504 : [0.0, 0.333, 0.4, 0.3, 0.28, 0.3, 0.3, 0.311]
505 : [1.0, 0.333, 0.2, 0.2, 0.24, 0.24, 0.238, 0.21]
506 : [0.0, 0.333, 0.4, 0.3, 0.22, 0.14, 0.19, 0.204]
507 : [0.0, 0.0, 0.2, 0.1, 0.14, 0.11, 0.122, 0.104]
508 : [0.0, 0.0, 0.0, 0.0, 0.04, 0.02, 0.076, 0.079]
509 : [0.0, 0.0, 0.0, 0.1, 0.04, 0.03, 0.018, 0.014]
510 : [0.0, 0.0, 0.0, 0.0, 0.02, 0.01, 0.002, 0.001]
511 : [0.0, 0.0, 0.0, 0.0, 0.0, 0.0, 0.006, 0.007]
512 : [0.0, 0.0, 0.0, 0.0, 0.04, 0.06, 0.064, 0.056]
513 : [0.0, 0.0, 0.0, 0.0, 0.06, 0.06, 0.05, 0.053]
514 : [0.0, 0.0, 0.0, 0.0, 0.02, 0.01, 0.008, 0.005]
515 : [0.0, 0.0, 0.0, 0.2, 0.08, 0.07, 0.084, 0.076]
516 : [1.0, 0.667, 0.4, 0.4, 0.36, 0.35, 0.392, 0.411]
517 : [0.0, 0.0, 0.0, 0.2, 0.24, 0.34, 0.326, 0.335]
518 : [0.0, 0.333, 0.4, 0.3, 0.24, 0.17, 0.162, 0.15]
519 : [0.0, 0.0, 0.0, 0.0, 0.0, 0.0, 0.002, 0.001]
520 : [0.0, 0.333, 0.4, 0.5, 0.4, 0.42, 0.418, 0.388]
521 : [0.0, 0.0, 0.0, 0.0, 0.16, 0.17, 0.15, 0.159]
522 : [0.0, 0.333, 0.4, 0.5, 0.38, 0.39, 0.448, 0.457]
523 : [0.0, 0.0, 0.0, 0.0, 0.0, 0.0, 0.0, 0.0]
524 : [0.0, 0.0, 0.0, 0.0, 0.06, 0.1, 0.078, 0.083]
525 : [0.0, 0.0, 0.0, 0.0, 0.0, 0.0, 0.0, 0.002]
526 : [0.0, 0.0, 0.0, 0.0, 0.0, 0.0, 0.0, 0.0]
527 : [0.0, 0.333, 0.4, 0.2, 0.1, 0.05, 0.064, 0.061]
528 : [0.0, 0.0, 0.0, 0.1, 0.16, 0.16, 0.142, 0.124]
529 : [0.0, 0.0, 0.0, 0.0, 0.02, 0.01, 0.048, 0.04]
530 : [0.0, 0.0, 0.0, 0.1, 0.08, 0.06, 0.036, 0.035]
531 : [0.0, 0.0, 0.0, 0.3, 0.42, 0.38, 0.36, 0.398]
532 : [0.0, 0.0, 0.2, 0.1, 0.32, 0.25, 0.264, 0.243]
533 : [0.0, 0.0, 0.0, 0.0, 0.02, 0.04, 0.04, 0.039]
534 : [0.0, 0.0, 0.0, 0.0, 0.02, 0.01, 0.006, 0.004]
535 : [0.0, 0.0, 0.0, 0.2, 0.3, 0.24, 0.224, 0.2]
536 : [0.0, 0.0, 0.0, 0.1, 0.18, 0.15, 0.154, 0.145]
537 : [0.0, 0.0, 0.0, 0.0, 0.14, 0.1, 0.096, 0.093]
538 : [0.0, 0.0, 0.0, 0.0, 0.02, 0.05, 0.06, 0.066]
539 : [0.0, 0.0, 0.2, 0.1, 0.28, 0.27, 0.298, 0.313]
540 : [1.0, 0.333, 0.2, 0.2, 0.2, 0.18, 0.14, 0.133]
541 : [0.0, 0.0, 0.0, 0.0, 0.02, 0.03, 0.028, 0.035]
542 : [0.0, 0.0, 0.0, 0.0, 0.06, 0.05, 0.062, 0.075]
543 : [0.0, 0.0, 0.0, 0.0, 0.02, 0.03, 0.03, 0.037]
544 : [0.0, 0.0, 0.0, 0.2, 0.32, 0.38, 0.372, 0.347]
545 : [0.0, 0.0, 0.0, 0.0, 0.02, 0.03, 0.008, 0.008]
546 : [0.0, 0.0, 0.0, 0.0, 0.0, 0.0, 0.0, 0.0]
547 : [0.0, 0.0, 0.0, 0.0, 0.0, 0.01, 0.008, 0.005]
548 : [0.0, 0.0, 0.0, 0.0, 0.06, 0.04, 0.034, 0.028]
549 : [0.0, 0.0, 0.0, 0.0, 0.0, 0.01, 0.046, 0.04]
550 : [0.0, 0.0, 0.2, 0.2, 0.14, 0.13, 0.068, 0.059]
551 : [0.0, 0.0, 0.0, 0.1, 0.24, 0.24, 0.22, 0.219]
552 : [0.0, 0.0, 0.0, 0.0, 0.02, 0.01, 0.004, 0.005]
553 : [0.0, 0.0, 0.0, 0.0, 0.0, 0.0, 0.0, 0.0]
554 : [0.0, 0.0, 0.0, 0.0, 0.04, 0.05, 0.036, 0.035]
555 : [0.0, 0.333, 0.2, 0.1, 0.02, 0.04, 0.05, 0.047]
556 : [0.0, 0.0, 0.0, 0.0, 0.0, 0.0, 0.0, 0.0]
557 : [0.0, 0.0, 0.0, 0.1, 0.18, 0.13, 0.086, 0.097]
558 : [0.0, 0.0, 0.0, 0.0, 0.0, 0.0, 0.0, 0.0]
559 : [0.0, 0.667, 0.8, 0.6, 0.4, 0.32, 0.314, 0.295]
560 : [0.0, 0.0, 0.0, 0.0, 0.04, 0.03, 0.04, 0.036]
561 : [0.0, 0.0, 0.0, 0.0, 0.04, 0.03, 0.024, 0.028]
562 : [1.0, 0.333, 0.2, 0.1, 0.14, 0.2, 0.156, 0.188]
563 : [0.0, 0.0, 0.0, 0.0, 0.08, 0.06, 0.06, 0.064]
564 : [0.0, 0.0, 0.0, 0.0, 0.0, 0.0, 0.006, 0.005]
565 : [0.0, 0.0, 0.0, 0.0, 0.0, 0.0, 0.008, 0.012]
566 : [0.0, 0.0, 0.0, 0.0, 0.0, 0.04, 0.03, 0.033]
567 : [0.0, 0.0, 0.0, 0.0, 0.0, 0.01, 0.008, 0.007]
568 : [1.0, 0.667, 0.4, 0.2, 0.24, 0.21, 0.182, 0.181]
569 : [0.0, 0.0, 0.0, 0.0, 0.06, 0.07, 0.066, 0.062]
570 : [0.0, 0.0, 0.0, 0.0, 0.08, 0.07, 0.096, 0.101]
571 : [0.0, 0.667, 0.4, 0.3, 0.36, 0.27, 0.294, 0.315]
572 : [0.0, 0.0, 0.0, 0.0, 0.0, 0.0, 0.0, 0.0]
573 : [0.0, 0.0, 0.2, 0.1, 0.04, 0.02, 0.026, 0.037]
574 : [1.0, 0.667, 0.4, 0.4, 0.2, 0.31, 0.252, 0.253]
575 : [0.0, 0.0, 0.0, 0.1, 0.04, 0.04, 0.028, 0.027]
576 : [0.0, 0.0, 0.0, 0.1, 0.04, 0.03, 0.036, 0.035]
577 : [0.0, 0.0, 0.0, 0.2, 0.2, 0.18, 0.194, 0.22]
578 : [0.0, 0.0, 0.0, 0.1, 0.14, 0.12, 0.08, 0.071]
579 : [0.0, 0.0, 0.0, 0.0, 0.08, 0.09, 0.098, 0.091]
580 : [0.0, 0.333, 0.2, 0.2, 0.16, 0.16, 0.146, 0.173]
581 : [0.0, 0.0, 0.0, 0.0, 0.02, 0.06, 0.042, 0.037]
582 : [0.0, 0.0, 0.0, 0.2, 0.2, 0.17, 0.158, 0.167]
583 : [0.0, 0.333, 0.4, 0.2, 0.22, 0.19, 0.144, 0.126]
584 : [0.0, 0.0, 0.0, 0.0, 0.02, 0.04, 0.042, 0.036]
585 : [0.0, 0.0, 0.0, 0.1, 0.06, 0.08, 0.06, 0.057]
586 : [0.0, 0.0, 0.0, 0.0, 0.04, 0.04, 0.058, 0.059]
587 : [0.0, 0.667, 0.4, 0.4, 0.2, 0.29, 0.342, 0.359]
588 : [1.0, 0.667, 0.4, 0.4, 0.26, 0.28, 0.27, 0.283]
589 : [1.0, 0.667, 0.4, 0.3, 0.2, 0.23, 0.21, 0.2]
590 : [0.0, 0.0, 0.0, 0.0, 0.0, 0.0, 0.0, 0.0]
591 : [0.0, 0.0, 0.0, 0.0, 0.0, 0.0, 0.0, 0.0]
592 : [0.0, 0.333, 0.2, 0.4, 0.26, 0.23, 0.124, 0.098]
593 : [0.0, 0.0, 0.0, 0.0, 0.0, 0.02, 0.024, 0.025]
594 : [0.0, 0.0, 0.0, 0.0, 0.02, 0.01, 0.032, 0.04]
595 : [0.0, 0.0, 0.0, 0.0, 0.0, 0.0, 0.0, 0.0]
596 : [0.0, 0.0, 0.0, 0.0, 0.04, 0.03, 0.03, 0.028]
597 : [0.0, 0.0, 0.0, 0.0, 0.0, 0.01, 0.042, 0.035]
598 : [1.0, 0.333, 0.4, 0.5, 0.4, 0.37, 0.354, 0.376]
599 : [0.0, 0.0, 0.0, 0.0, 0.0, 0.0, 0.002, 0.001]
600 : [0.0, 0.0, 0.0, 0.0, 0.02, 0.03, 0.038, 0.032]
601 : [0.0, 0.0, 0.0, 0.0, 0.02, 0.05, 0.048, 0.05]
602 : [0.0, 0.0, 0.0, 0.1, 0.04, 0.04, 0.052, 0.05]
603 : [0.0, 0.0, 0.2, 0.2, 0.22, 0.27, 0.33, 0.356]
604 : [0.0, 0.0, 0.0, 0.0, 0.0, 0.0, 0.002, 0.001]
605 : [1.0, 0.333, 0.4, 0.3, 0.3, 0.24, 0.168, 0.158]
606 : [0.0, 0.0, 0.0, 0.0, 0.06, 0.05, 0.05, 0.044]
607 : [1.0, 0.667, 0.6, 0.4, 0.28, 0.3, 0.242, 0.231]
608 : [0.0, 0.0, 0.0, 0.0, 0.0, 0.01, 0.018, 0.011]
609 : [0.0, 0.0, 0.0, 0.0, 0.06, 0.04, 0.024, 0.019]
610 : [0.0, 0.0, 0.0, 0.1, 0.02, 0.01, 0.006, 0.012]
[0.102, 0.097, 0.093, 0.093, 0.094, 0.093, 0.093, 0.093]


[Jul 01, 12:52:14] #> Creating directory /scratch/s190619/Data_etc/ColBERT/experiments/Model4_1-psg/test_MC.py/Model4_1.psg.cosine 




[Jul 01, 12:52:14] #> Creating directory /scratch/s190619/Data_etc/ColBERT/experiments/Model4_1-psg/test_MC.py/Model4_1.psg.cosine/logs/ 


[Jul 01, 12:52:14] {'root': '/scratch/s190619/Data_etc/ColBERT/experiments', 'experiment': 'Model4_1-psg', 'run': 'Model4_1.psg.cosine', 'rank': -1, 'similarity': 'cosine', 'dim': 128, 'query_maxlen': 32, 'doc_maxlen': 180, 'mask_punctuation': True, 'triples': '/scratch/s190619/Data_etc/ColBERT/MC_eval_data/Model4_1_dev-test.tsv', 'multiple_choice': True, 'num_options': '5', 'resume': False, 'resume_optimizer': False, 'checkpoint': '/scratch/s190619/Data_etc/ColBERT/experiments/Model4_1-psg/train.py/Model4_1.psg.l2/checkpoints/colbert-100000.dnn', 'lr': 3e-06, 'maxsteps': 400000, 'bsize': 30, 'accumsteps': 1, 'amp': True, 'freeze_layers': False, 'depth': None} 

Some weights of the model checkpoint at bert-base-uncased were not used when initializing ColBERT: ['cls.predictions.bias', 'cls.predictions.transform.dense.weight', 'cls.predictions.transform.dense.bias', 'cls.predictions.decoder.weight', 'cls.seq_relationship.weight', 'cls.seq_relationship.bias', 'cls.predictions.transform.LayerNorm.weight', 'cls.predictions.transform.LayerNorm.bias']
- This IS expected if you are initializing ColBERT from the checkpoint of a model trained on another task or with another architecture (e.g. initializing a BertForSequenceClassification model from a BertForPretraining model).
- This IS NOT expected if you are initializing ColBERT from the checkpoint of a model that you expect to be exactly identical (initializing a BertForSequenceClassification model from a BertForSequenceClassification model).
Some weights of ColBERT were not initialized from the model checkpoint at bert-base-uncased and are newly initialized: ['linear.weight']
You should probably TRAIN this model on a down-stream task to be able to use it for predictions and inference.
[Jul 01, 12:52:25] #> Loading model checkpoint.
[Jul 01, 12:52:25] #> Loading checkpoint /scratch/s190619/Data_etc/ColBERT/experiments/Model4_1-psg/train.py/Model4_1.psg.l2/checkpoints/colbert-100000.dnn
[Jul 01, 12:52:26] #> checkpoint['epoch'] = 0
[Jul 01, 12:52:26] #> checkpoint['batch'] = 100000
[Jul 01, 12:52:26] [WARNING] 	 Got checkpoint['arguments']['similarity'] != args.similarity (i.e., l2 != cosine)



[Jul 01, 12:53:47] It seems that  /scratch/s190619/Data_etc/ColBERT/experiments/Model4_1-psg/test_MC.py/Model4_1.psg.cosine  already exists.


[Jul 01, 12:53:47] #> Creating directory /scratch/s190619/Data_etc/ColBERT/experiments/Model4_1-psg/test_MC0.py/Model4_1.psg.cosine 




[Jul 01, 12:53:47] #> Creating directory /scratch/s190619/Data_etc/ColBERT/experiments/Model4_1-psg/test_MC0.py/Model4_1.psg.cosine/logs/ 


[Jul 01, 12:53:47] {'root': '/scratch/s190619/Data_etc/ColBERT/experiments', 'experiment': 'Model4_1-psg', 'run': 'Model4_1.psg.cosine', 'rank': -1, 'similarity': 'cosine', 'dim': 128, 'query_maxlen': 32, 'doc_maxlen': 180, 'mask_punctuation': True, 'triples': '/scratch/s190619/Data_etc/ColBERT/MC_eval_data/Model4_1_dev-test.tsv', 'multiple_choice': True, 'num_options': '5', 'resume': False, 'resume_optimizer': False, 'checkpoint': '/scratch/s190619/Data_etc/ColBERT/experiments/Model4_1-psg/train.py/Model4_1.psg.l2/checkpoints/colbert-100000.dnn', 'lr': 3e-06, 'maxsteps': 400000, 'bsize': 30, 'accumsteps': 1, 'amp': True, 'freeze_layers': False, 'depth': None} 

Some weights of the model checkpoint at bert-base-uncased were not used when initializing ColBERT: ['cls.predictions.bias', 'cls.predictions.transform.dense.weight', 'cls.predictions.transform.dense.bias', 'cls.predictions.decoder.weight', 'cls.seq_relationship.weight', 'cls.seq_relationship.bias', 'cls.predictions.transform.LayerNorm.weight', 'cls.predictions.transform.LayerNorm.bias']
- This IS expected if you are initializing ColBERT from the checkpoint of a model trained on another task or with another architecture (e.g. initializing a BertForSequenceClassification model from a BertForPretraining model).
- This IS NOT expected if you are initializing ColBERT from the checkpoint of a model that you expect to be exactly identical (initializing a BertForSequenceClassification model from a BertForSequenceClassification model).
Some weights of ColBERT were not initialized from the model checkpoint at bert-base-uncased and are newly initialized: ['linear.weight']
You should probably TRAIN this model on a down-stream task to be able to use it for predictions and inference.
[Jul 01, 12:53:55] #> Loading model checkpoint.
[Jul 01, 12:53:55] #> Loading checkpoint /scratch/s190619/Data_etc/ColBERT/experiments/Model4_1-psg/train.py/Model4_1.psg.l2/checkpoints/colbert-100000.dnn
[Jul 01, 12:53:56] #> checkpoint['epoch'] = 0
[Jul 01, 12:53:56] #> checkpoint['batch'] = 100000
[Jul 01, 12:53:56] [WARNING] 	 Got checkpoint['arguments']['similarity'] != args.similarity (i.e., l2 != cosine)
{
    "root": "\/scratch\/s190619\/Data_etc\/ColBERT\/experiments",
    "experiment": "Model4_1-psg",
    "run": "Model4_1.psg.l2",
    "rank": 0,
    "similarity": "l2",
    "dim": 128,
    "query_maxlen": 32,
    "doc_maxlen": 180,
    "mask_punctuation": true,
    "resume": false,
    "resume_optimizer": false,
    "checkpoint": "\/scratch\/s190619\/Data_etc\/ColBERT\/experiments\/Model4-psg\/train.py\/Model4.psg.l2\/checkpoints\/colbert-100000.dnn",
    "lr": 3e-6,
    "maxsteps": 400000,
    "bsize": 32,
    "accumsteps": 1,
    "amp": true,
    "freeze_layers": false,
    "triples": "\/scratch\/s190619\/Data_etc\/Medical_MSMARCO\/triples.msmarco.medical.tsv\/part-00000-4ce6eb02-5b26-4966-a55b-bbbf1b6c18d4-c000.csv",
    "queries": null,
    "collection": null
}


1 : [1.0, 0.333, 0.2, 0.1, 0.02, 0.02, 0.02, 0.024]
2 : [0.0, 0.333, 0.2, 0.1, 0.06, 0.04, 0.032, 0.027]
3 : [0.0, 0.667, 0.4, 0.2, 0.22, 0.22, 0.186, 0.17]
4 : [0.0, 0.333, 0.2, 0.1, 0.4, 0.5, 0.482, 0.48]
5 : [1.0, 0.333, 0.2, 0.2, 0.22, 0.32, 0.29, 0.29]
6 : [0.0, 0.0, 0.4, 0.2, 0.18, 0.18, 0.15, 0.157]
7 : [0.0, 0.333, 0.2, 0.3, 0.36, 0.31, 0.336, 0.338]
8 : [0.0, 0.667, 0.6, 0.4, 0.42, 0.42, 0.428, 0.413]
9 : [0.0, 0.333, 0.6, 0.4, 0.14, 0.16, 0.096, 0.093]
10 : [0.0, 0.0, 0.0, 0.2, 0.32, 0.29, 0.252, 0.229]
11 : [1.0, 0.667, 0.4, 0.5, 0.4, 0.49, 0.58, 0.612]
12 : [1.0, 1.0, 0.8, 0.7, 0.74, 0.68, 0.644, 0.62]
13 : [0.0, 0.0, 0.4, 0.5, 0.32, 0.34, 0.348, 0.351]
14 : [0.0, 0.0, 0.0, 0.0, 0.06, 0.05, 0.028, 0.017]
15 : [0.0, 0.0, 0.2, 0.1, 0.12, 0.15, 0.102, 0.107]
16 : [0.0, 0.0, 0.0, 0.3, 0.2, 0.22, 0.206, 0.211]
17 : [0.0, 0.333, 0.2, 0.2, 0.18, 0.13, 0.118, 0.114]
18 : [0.0, 0.0, 0.2, 0.3, 0.32, 0.3, 0.258, 0.233]
19 : [0.0, 0.0, 0.0, 0.0, 0.0, 0.0, 0.022, 0.016]
20 : [0.0, 0.0, 0.0, 0.0, 0.02, 0.02, 0.088, 0.105]
21 : [0.0, 0.0, 0.0, 0.1, 0.38, 0.36, 0.352, 0.341]
22 : [0.0, 0.0, 0.0, 0.0, 0.04, 0.04, 0.016, 0.013]
23 : [1.0, 1.0, 0.8, 0.6, 0.7, 0.66, 0.648, 0.635]
24 : [0.0, 0.0, 0.0, 0.0, 0.16, 0.31, 0.326, 0.325]
25 : [0.0, 0.333, 0.4, 0.4, 0.26, 0.27, 0.228, 0.217]
26 : [0.0, 0.667, 0.6, 0.5, 0.68, 0.68, 0.666, 0.636]
27 : [0.0, 0.0, 0.0, 0.0, 0.18, 0.15, 0.16, 0.157]
28 : [0.0, 0.0, 0.0, 0.0, 0.02, 0.03, 0.01, 0.009]
29 : [1.0, 0.333, 0.2, 0.4, 0.36, 0.28, 0.34, 0.314]
30 : [0.0, 0.0, 0.2, 0.2, 0.14, 0.14, 0.166, 0.17]
31 : [0.0, 0.0, 0.0, 0.1, 0.1, 0.13, 0.136, 0.142]
32 : [0.0, 0.0, 0.0, 0.0, 0.0, 0.02, 0.01, 0.01]
33 : [1.0, 0.667, 0.6, 0.4, 0.48, 0.49, 0.502, 0.535]
34 : [0.0, 0.0, 0.0, 0.1, 0.1, 0.09, 0.066, 0.063]
35 : [0.0, 0.0, 0.0, 0.0, 0.0, 0.0, 0.016, 0.014]
36 : [0.0, 0.0, 0.0, 0.0, 0.02, 0.01, 0.026, 0.023]
37 : [0.0, 0.0, 0.0, 0.0, 0.02, 0.04, 0.064, 0.067]
38 : [0.0, 0.333, 0.2, 0.1, 0.12, 0.1, 0.106, 0.114]
39 : [0.0, 0.0, 0.0, 0.0, 0.02, 0.01, 0.02, 0.026]
40 : [1.0, 0.333, 0.2, 0.1, 0.08, 0.07, 0.052, 0.065]
41 : [0.0, 0.0, 0.2, 0.1, 0.08, 0.07, 0.076, 0.081]
42 : [0.0, 0.333, 0.2, 0.1, 0.2, 0.22, 0.198, 0.211]
43 : [0.0, 0.0, 0.0, 0.0, 0.06, 0.08, 0.04, 0.042]
44 : [0.0, 0.333, 0.4, 0.3, 0.38, 0.34, 0.246, 0.221]
45 : [0.0, 0.0, 0.0, 0.0, 0.02, 0.01, 0.016, 0.016]
46 : [0.0, 0.667, 0.6, 0.7, 0.32, 0.35, 0.39, 0.381]
47 : [0.0, 0.0, 0.0, 0.0, 0.0, 0.0, 0.058, 0.055]
48 : [0.0, 0.333, 0.4, 0.5, 0.56, 0.52, 0.574, 0.552]
49 : [0.0, 0.0, 0.2, 0.3, 0.18, 0.19, 0.15, 0.143]
50 : [0.0, 0.0, 0.0, 0.0, 0.04, 0.02, 0.036, 0.041]
51 : [0.0, 0.0, 0.0, 0.0, 0.0, 0.0, 0.0, 0.003]
52 : [0.0, 0.0, 0.0, 0.0, 0.0, 0.0, 0.002, 0.006]
53 : [0.0, 0.0, 0.0, 0.0, 0.02, 0.03, 0.014, 0.02]
54 : [1.0, 0.333, 0.4, 0.3, 0.18, 0.22, 0.11, 0.093]
55 : [0.0, 0.0, 0.2, 0.2, 0.08, 0.09, 0.092, 0.091]
56 : [1.0, 0.333, 0.2, 0.3, 0.44, 0.46, 0.456, 0.452]
57 : [0.0, 0.0, 0.0, 0.0, 0.04, 0.04, 0.026, 0.019]
58 : [0.0, 0.0, 0.0, 0.0, 0.0, 0.01, 0.04, 0.049]
59 : [0.0, 0.0, 0.0, 0.0, 0.04, 0.04, 0.056, 0.057]
60 : [1.0, 0.333, 0.6, 0.4, 0.5, 0.53, 0.512, 0.514]
61 : [0.0, 0.0, 0.0, 0.0, 0.0, 0.0, 0.004, 0.008]
62 : [0.0, 0.0, 0.0, 0.0, 0.02, 0.01, 0.03, 0.035]
63 : [1.0, 0.333, 0.4, 0.3, 0.18, 0.17, 0.114, 0.1]
64 : [0.0, 0.0, 0.0, 0.1, 0.02, 0.01, 0.014, 0.014]
65 : [0.0, 0.0, 0.0, 0.0, 0.0, 0.0, 0.002, 0.003]
66 : [0.0, 0.0, 0.0, 0.0, 0.02, 0.04, 0.02, 0.017]
67 : [0.0, 0.333, 0.2, 0.4, 0.54, 0.57, 0.592, 0.579]
68 : [0.0, 0.0, 0.2, 0.4, 0.36, 0.34, 0.416, 0.412]
69 : [0.0, 0.0, 0.0, 0.0, 0.0, 0.01, 0.002, 0.003]
70 : [0.0, 0.0, 0.0, 0.0, 0.02, 0.01, 0.022, 0.023]
71 : [1.0, 0.333, 0.2, 0.2, 0.12, 0.13, 0.07, 0.065]
72 : [0.0, 0.0, 0.0, 0.0, 0.12, 0.13, 0.064, 0.076]
73 : [0.0, 0.0, 0.0, 0.0, 0.02, 0.05, 0.062, 0.066]
74 : [0.0, 0.0, 0.0, 0.0, 0.06, 0.05, 0.076, 0.089]
75 : [0.0, 0.333, 0.2, 0.1, 0.26, 0.34, 0.366, 0.395]
76 : [0.0, 0.0, 0.0, 0.1, 0.1, 0.13, 0.162, 0.151]
77 : [0.0, 0.0, 0.0, 0.0, 0.0, 0.0, 0.026, 0.021]
78 : [0.0, 0.333, 0.4, 0.4, 0.38, 0.31, 0.296, 0.292]
79 : [0.0, 0.0, 0.0, 0.3, 0.18, 0.16, 0.154, 0.153]
80 : [0.0, 0.0, 0.0, 0.0, 0.0, 0.02, 0.014, 0.013]
81 : [0.0, 0.0, 0.4, 0.6, 0.64, 0.7, 0.724, 0.702]
82 : [0.0, 0.333, 0.2, 0.5, 0.26, 0.2, 0.128, 0.113]
83 : [0.0, 0.0, 0.0, 0.1, 0.16, 0.15, 0.184, 0.186]
84 : [0.0, 0.0, 0.0, 0.0, 0.08, 0.09, 0.07, 0.058]
85 : [0.0, 0.0, 0.2, 0.1, 0.04, 0.03, 0.05, 0.049]
86 : [0.0, 0.0, 0.0, 0.0, 0.0, 0.01, 0.026, 0.027]
87 : [0.0, 0.0, 0.0, 0.2, 0.16, 0.15, 0.182, 0.201]
88 : [0.0, 0.333, 0.4, 0.3, 0.1, 0.06, 0.05, 0.047]
89 : [0.0, 0.0, 0.2, 0.2, 0.24, 0.26, 0.346, 0.356]
90 : [0.0, 0.0, 0.0, 0.1, 0.12, 0.17, 0.136, 0.129]
91 : [0.0, 0.0, 0.0, 0.0, 0.0, 0.0, 0.016, 0.015]
92 : [0.0, 0.0, 0.2, 0.2, 0.16, 0.13, 0.102, 0.088]
93 : [1.0, 0.333, 0.4, 0.3, 0.46, 0.49, 0.522, 0.533]
94 : [0.0, 0.0, 0.0, 0.0, 0.08, 0.06, 0.072, 0.076]
95 : [0.0, 0.0, 0.0, 0.0, 0.24, 0.25, 0.232, 0.222]
96 : [1.0, 1.0, 0.8, 0.5, 0.54, 0.5, 0.486, 0.477]
97 : [0.0, 0.0, 0.0, 0.0, 0.0, 0.05, 0.09, 0.099]
98 : [0.0, 0.0, 0.0, 0.0, 0.0, 0.0, 0.002, 0.005]
99 : [0.0, 0.0, 0.2, 0.1, 0.08, 0.06, 0.118, 0.135]
100 : [0.0, 0.0, 0.2, 0.1, 0.16, 0.12, 0.098, 0.089]
101 : [0.0, 0.0, 0.0, 0.0, 0.02, 0.05, 0.042, 0.042]
102 : [0.0, 0.0, 0.0, 0.0, 0.04, 0.06, 0.072, 0.105]
103 : [0.0, 0.0, 0.0, 0.0, 0.02, 0.02, 0.058, 0.064]
104 : [0.0, 0.0, 0.0, 0.0, 0.1, 0.1, 0.09, 0.091]
105 : [0.0, 0.0, 0.0, 0.0, 0.02, 0.03, 0.044, 0.042]
106 : [1.0, 0.667, 0.4, 0.2, 0.1, 0.12, 0.084, 0.086]
107 : [0.0, 0.667, 0.8, 0.8, 0.68, 0.63, 0.546, 0.554]
108 : [0.0, 0.0, 0.0, 0.2, 0.24, 0.22, 0.278, 0.282]
109 : [0.0, 0.0, 0.0, 0.0, 0.0, 0.0, 0.006, 0.009]
110 : [0.0, 0.333, 0.2, 0.1, 0.22, 0.23, 0.274, 0.298]
111 : [0.0, 0.0, 0.0, 0.1, 0.08, 0.09, 0.104, 0.108]
112 : [0.0, 0.0, 0.0, 0.0, 0.0, 0.01, 0.022, 0.019]
113 : [0.0, 0.0, 0.0, 0.0, 0.02, 0.04, 0.02, 0.024]
114 : [0.0, 0.0, 0.0, 0.0, 0.02, 0.01, 0.046, 0.054]
115 : [0.0, 0.333, 0.4, 0.5, 0.38, 0.35, 0.3, 0.283]
116 : [0.0, 0.0, 0.0, 0.1, 0.22, 0.17, 0.108, 0.132]
117 : [0.0, 0.0, 0.0, 0.0, 0.24, 0.26, 0.208, 0.207]
118 : [0.0, 0.333, 0.2, 0.2, 0.12, 0.09, 0.046, 0.044]
119 : [0.0, 0.667, 0.4, 0.4, 0.44, 0.47, 0.454, 0.501]
120 : [0.0, 0.333, 0.4, 0.3, 0.4, 0.36, 0.364, 0.359]
121 : [1.0, 0.667, 0.6, 0.5, 0.4, 0.39, 0.372, 0.393]
122 : [1.0, 0.333, 0.2, 0.1, 0.06, 0.06, 0.074, 0.067]
123 : [0.0, 0.333, 0.2, 0.2, 0.18, 0.21, 0.188, 0.19]
124 : [0.0, 0.0, 0.0, 0.0, 0.02, 0.01, 0.022, 0.019]
125 : [1.0, 0.667, 0.6, 0.6, 0.54, 0.49, 0.498, 0.481]
126 : [1.0, 0.333, 0.2, 0.1, 0.12, 0.12, 0.078, 0.077]
127 : [0.0, 0.333, 0.6, 0.5, 0.5, 0.49, 0.41, 0.381]
128 : [0.0, 0.333, 0.2, 0.1, 0.08, 0.08, 0.05, 0.044]
129 : [0.0, 0.333, 0.4, 0.3, 0.36, 0.34, 0.372, 0.399]
130 : [0.0, 0.0, 0.2, 0.2, 0.18, 0.14, 0.126, 0.109]
131 : [0.0, 0.333, 0.4, 0.4, 0.44, 0.43, 0.496, 0.503]
132 : [0.0, 0.0, 0.0, 0.0, 0.04, 0.02, 0.032, 0.037]
133 : [0.0, 0.0, 0.0, 0.0, 0.0, 0.0, 0.02, 0.02]
134 : [0.0, 0.0, 0.0, 0.0, 0.0, 0.02, 0.05, 0.054]
135 : [1.0, 0.333, 0.2, 0.3, 0.32, 0.3, 0.322, 0.347]
136 : [0.0, 0.333, 0.2, 0.5, 0.72, 0.7, 0.692, 0.707]
137 : [0.0, 0.0, 0.2, 0.1, 0.1, 0.15, 0.146, 0.16]
138 : [0.0, 0.0, 0.2, 0.1, 0.14, 0.11, 0.082, 0.073]
139 : [0.0, 0.333, 0.2, 0.1, 0.08, 0.06, 0.042, 0.048]
140 : [0.0, 0.0, 0.0, 0.0, 0.04, 0.05, 0.056, 0.051]
141 : [1.0, 0.333, 0.4, 0.3, 0.44, 0.38, 0.334, 0.314]
142 : [0.0, 0.0, 0.0, 0.0, 0.02, 0.02, 0.016, 0.015]
143 : [0.0, 0.0, 0.0, 0.2, 0.08, 0.08, 0.052, 0.055]
144 : [0.0, 0.0, 0.0, 0.3, 0.12, 0.12, 0.116, 0.134]
145 : [0.0, 0.333, 0.2, 0.1, 0.06, 0.05, 0.048, 0.041]
146 : [0.0, 0.0, 0.2, 0.1, 0.02, 0.01, 0.02, 0.021]
147 : [0.0, 0.0, 0.0, 0.2, 0.26, 0.26, 0.28, 0.277]
148 : [0.0, 0.0, 0.2, 0.3, 0.24, 0.2, 0.134, 0.131]
149 : [0.0, 0.0, 0.0, 0.2, 0.08, 0.07, 0.12, 0.117]
150 : [0.0, 0.0, 0.0, 0.0, 0.0, 0.01, 0.018, 0.017]
151 : [1.0, 0.333, 0.2, 0.3, 0.16, 0.15, 0.124, 0.122]
152 : [0.0, 0.333, 0.2, 0.1, 0.08, 0.04, 0.032, 0.041]
153 : [0.0, 0.0, 0.0, 0.0, 0.0, 0.02, 0.05, 0.056]
154 : [0.0, 0.333, 0.2, 0.2, 0.14, 0.13, 0.136, 0.14]
155 : [0.0, 0.0, 0.0, 0.0, 0.02, 0.06, 0.044, 0.026]
156 : [0.0, 0.0, 0.0, 0.0, 0.08, 0.11, 0.08, 0.099]
157 : [0.0, 0.0, 0.0, 0.0, 0.04, 0.04, 0.036, 0.048]
158 : [0.0, 0.667, 0.6, 0.4, 0.36, 0.39, 0.378, 0.402]
159 : [0.0, 0.0, 0.0, 0.0, 0.0, 0.0, 0.006, 0.008]
160 : [1.0, 0.333, 0.4, 0.5, 0.36, 0.36, 0.456, 0.42]
161 : [0.0, 0.0, 0.0, 0.0, 0.0, 0.01, 0.014, 0.028]
162 : [0.0, 0.667, 0.6, 0.7, 0.54, 0.58, 0.634, 0.639]
163 : [1.0, 0.667, 0.4, 0.2, 0.22, 0.25, 0.248, 0.278]
164 : [0.0, 0.333, 0.2, 0.3, 0.38, 0.37, 0.318, 0.359]
165 : [0.0, 0.333, 0.2, 0.1, 0.08, 0.08, 0.052, 0.064]
166 : [0.0, 0.0, 0.0, 0.1, 0.24, 0.26, 0.232, 0.226]
167 : [0.0, 0.0, 0.0, 0.0, 0.04, 0.03, 0.042, 0.041]
168 : [0.0, 0.333, 0.6, 0.6, 0.42, 0.48, 0.478, 0.482]
169 : [0.0, 0.0, 0.0, 0.0, 0.06, 0.04, 0.056, 0.053]
170 : [0.0, 0.0, 0.0, 0.0, 0.1, 0.13, 0.178, 0.162]
171 : [0.0, 0.0, 0.2, 0.3, 0.6, 0.54, 0.472, 0.448]
172 : [0.0, 0.0, 0.0, 0.0, 0.02, 0.02, 0.052, 0.046]
173 : [0.0, 0.333, 0.2, 0.1, 0.12, 0.09, 0.076, 0.065]
174 : [0.0, 0.0, 0.0, 0.0, 0.0, 0.01, 0.008, 0.01]
175 : [0.0, 0.333, 0.2, 0.2, 0.12, 0.11, 0.102, 0.099]
176 : [0.0, 0.0, 0.0, 0.0, 0.0, 0.0, 0.006, 0.004]
177 : [0.0, 0.333, 0.4, 0.4, 0.22, 0.26, 0.224, 0.218]
178 : [0.0, 0.333, 0.2, 0.2, 0.3, 0.32, 0.324, 0.361]
179 : [0.0, 0.0, 0.0, 0.0, 0.04, 0.06, 0.08, 0.088]
180 : [0.0, 0.333, 0.2, 0.2, 0.28, 0.3, 0.314, 0.318]
181 : [1.0, 0.667, 0.6, 0.5, 0.54, 0.57, 0.658, 0.678]
182 : [0.0, 0.0, 0.0, 0.0, 0.0, 0.01, 0.008, 0.006]
183 : [0.0, 0.0, 0.0, 0.1, 0.04, 0.05, 0.034, 0.028]
184 : [0.0, 0.0, 0.0, 0.1, 0.08, 0.07, 0.066, 0.061]
185 : [0.0, 0.0, 0.0, 0.0, 0.02, 0.04, 0.038, 0.039]
186 : [1.0, 0.333, 0.4, 0.4, 0.24, 0.3, 0.316, 0.285]
187 : [0.0, 0.0, 0.0, 0.0, 0.04, 0.03, 0.006, 0.003]
188 : [0.0, 0.333, 0.4, 0.4, 0.46, 0.56, 0.474, 0.479]
189 : [0.0, 0.0, 0.0, 0.0, 0.0, 0.02, 0.034, 0.044]
190 : [1.0, 0.333, 0.2, 0.3, 0.16, 0.19, 0.218, 0.213]
191 : [1.0, 0.333, 0.4, 0.3, 0.22, 0.23, 0.28, 0.281]
192 : [0.0, 0.0, 0.0, 0.1, 0.08, 0.05, 0.048, 0.059]
193 : [1.0, 0.667, 0.8, 0.7, 0.8, 0.74, 0.728, 0.751]
194 : [0.0, 0.0, 0.0, 0.0, 0.04, 0.02, 0.036, 0.039]
195 : [0.0, 0.0, 0.0, 0.0, 0.02, 0.02, 0.012, 0.015]
196 : [0.0, 0.0, 0.0, 0.0, 0.04, 0.05, 0.018, 0.023]
197 : [0.0, 0.0, 0.2, 0.1, 0.08, 0.08, 0.096, 0.081]
198 : [0.0, 0.0, 0.0, 0.3, 0.16, 0.12, 0.118, 0.094]
199 : [0.0, 0.333, 0.2, 0.2, 0.24, 0.31, 0.308, 0.293]
200 : [0.0, 0.0, 0.0, 0.0, 0.0, 0.01, 0.022, 0.022]
201 : [1.0, 0.333, 0.6, 0.7, 0.48, 0.44, 0.374, 0.363]
202 : [0.0, 0.0, 0.0, 0.0, 0.0, 0.01, 0.01, 0.013]
203 : [0.0, 0.0, 0.0, 0.0, 0.0, 0.04, 0.028, 0.027]
204 : [0.0, 0.0, 0.0, 0.1, 0.32, 0.28, 0.312, 0.298]
205 : [0.0, 0.0, 0.2, 0.1, 0.12, 0.13, 0.118, 0.116]
206 : [1.0, 0.333, 0.2, 0.2, 0.12, 0.2, 0.166, 0.163]
207 : [0.0, 0.0, 0.0, 0.0, 0.02, 0.01, 0.016, 0.024]
208 : [0.0, 0.0, 0.0, 0.0, 0.02, 0.02, 0.03, 0.026]
209 : [1.0, 1.0, 1.0, 1.0, 0.84, 0.86, 0.846, 0.856]
210 : [0.0, 0.0, 0.0, 0.1, 0.18, 0.26, 0.242, 0.269]
211 : [0.0, 0.333, 0.4, 0.2, 0.3, 0.23, 0.188, 0.181]
212 : [0.0, 0.0, 0.0, 0.0, 0.02, 0.03, 0.024, 0.028]
213 : [0.0, 0.333, 0.4, 0.5, 0.22, 0.23, 0.196, 0.199]
214 : [1.0, 0.333, 0.2, 0.1, 0.42, 0.37, 0.304, 0.309]
215 : [0.0, 0.0, 0.0, 0.0, 0.0, 0.04, 0.046, 0.048]
216 : [0.0, 0.0, 0.0, 0.1, 0.04, 0.02, 0.022, 0.023]
217 : [1.0, 1.0, 1.0, 1.0, 0.84, 0.84, 0.888, 0.886]
218 : [0.0, 0.0, 0.0, 0.0, 0.0, 0.03, 0.022, 0.019]
219 : [1.0, 0.667, 0.6, 0.8, 0.7, 0.74, 0.652, 0.634]
220 : [0.0, 0.0, 0.2, 0.1, 0.26, 0.25, 0.236, 0.222]
221 : [1.0, 0.667, 0.6, 0.4, 0.24, 0.27, 0.244, 0.269]
222 : [0.0, 0.0, 0.0, 0.2, 0.06, 0.1, 0.092, 0.086]
223 : [0.0, 0.0, 0.2, 0.5, 0.3, 0.26, 0.352, 0.344]
224 : [0.0, 0.0, 0.0, 0.1, 0.02, 0.01, 0.02, 0.017]
225 : [0.0, 0.333, 0.4, 0.2, 0.16, 0.22, 0.238, 0.25]
226 : [0.0, 0.0, 0.0, 0.0, 0.0, 0.0, 0.004, 0.007]
227 : [0.0, 0.0, 0.0, 0.0, 0.02, 0.01, 0.028, 0.023]
228 : [0.0, 0.667, 0.8, 0.7, 0.54, 0.59, 0.59, 0.575]
229 : [0.0, 0.0, 0.0, 0.0, 0.04, 0.07, 0.086, 0.083]
230 : [0.0, 0.0, 0.2, 0.2, 0.18, 0.16, 0.16, 0.132]
231 : [0.0, 0.0, 0.2, 0.2, 0.16, 0.22, 0.198, 0.227]
232 : [0.0, 0.0, 0.0, 0.0, 0.1, 0.11, 0.128, 0.135]
233 : [0.0, 0.0, 0.0, 0.0, 0.0, 0.01, 0.024, 0.021]
234 : [0.0, 0.0, 0.0, 0.2, 0.28, 0.37, 0.282, 0.271]
235 : [0.0, 0.0, 0.2, 0.2, 0.36, 0.28, 0.314, 0.329]
236 : [0.0, 0.333, 0.4, 0.5, 0.62, 0.55, 0.47, 0.448]
237 : [0.0, 0.667, 0.6, 0.5, 0.22, 0.27, 0.29, 0.301]
238 : [1.0, 0.667, 0.4, 0.6, 0.42, 0.45, 0.4, 0.372]
239 : [0.0, 0.0, 0.0, 0.1, 0.04, 0.05, 0.046, 0.057]
240 : [0.0, 0.0, 0.0, 0.1, 0.14, 0.11, 0.106, 0.09]
241 : [0.0, 0.0, 0.0, 0.1, 0.2, 0.19, 0.268, 0.295]
242 : [0.0, 0.0, 0.0, 0.0, 0.02, 0.02, 0.008, 0.01]
243 : [1.0, 0.333, 0.2, 0.3, 0.42, 0.51, 0.512, 0.517]
244 : [1.0, 0.667, 0.4, 0.5, 0.58, 0.67, 0.582, 0.562]
245 : [0.0, 0.0, 0.2, 0.1, 0.12, 0.11, 0.058, 0.05]
246 : [0.0, 0.0, 0.0, 0.3, 0.3, 0.35, 0.258, 0.252]
247 : [0.0, 0.0, 0.0, 0.1, 0.1, 0.14, 0.142, 0.133]
248 : [0.0, 0.333, 0.4, 0.3, 0.08, 0.1, 0.078, 0.073]
249 : [0.0, 0.0, 0.0, 0.0, 0.02, 0.02, 0.018, 0.016]
250 : [0.0, 0.0, 0.0, 0.0, 0.0, 0.0, 0.002, 0.002]
251 : [0.0, 0.0, 0.0, 0.0, 0.0, 0.01, 0.024, 0.022]
252 : [0.0, 0.0, 0.2, 0.3, 0.24, 0.25, 0.222, 0.23]
253 : [0.0, 0.667, 0.4, 0.4, 0.42, 0.41, 0.468, 0.442]
254 : [1.0, 0.333, 0.4, 0.5, 0.36, 0.34, 0.306, 0.309]
255 : [0.0, 0.333, 0.2, 0.1, 0.06, 0.05, 0.036, 0.044]
256 : [0.0, 0.0, 0.0, 0.0, 0.0, 0.01, 0.024, 0.022]
257 : [0.0, 0.667, 0.8, 0.5, 0.28, 0.25, 0.236, 0.242]
258 : [0.0, 0.0, 0.0, 0.0, 0.0, 0.0, 0.006, 0.006]
259 : [0.0, 0.0, 0.0, 0.1, 0.24, 0.23, 0.234, 0.214]
260 : [0.0, 0.0, 0.0, 0.0, 0.12, 0.21, 0.154, 0.173]
261 : [0.0, 0.0, 0.4, 0.4, 0.32, 0.26, 0.294, 0.283]
262 : [0.0, 0.0, 0.0, 0.0, 0.02, 0.01, 0.028, 0.029]
263 : [0.0, 0.0, 0.0, 0.0, 0.18, 0.12, 0.14, 0.132]
264 : [0.0, 0.667, 0.8, 0.8, 0.82, 0.78, 0.744, 0.715]
265 : [0.0, 0.0, 0.0, 0.0, 0.02, 0.08, 0.094, 0.083]
266 : [0.0, 0.0, 0.0, 0.1, 0.22, 0.23, 0.2, 0.203]
267 : [0.0, 0.667, 0.8, 0.6, 0.74, 0.68, 0.652, 0.64]
268 : [0.0, 0.0, 0.0, 0.0, 0.0, 0.0, 0.01, 0.008]
269 : [1.0, 0.667, 0.8, 0.5, 0.22, 0.18, 0.184, 0.177]
270 : [0.0, 0.333, 0.2, 0.2, 0.26, 0.23, 0.3, 0.306]
271 : [1.0, 0.333, 0.4, 0.4, 0.42, 0.39, 0.416, 0.427]
272 : [0.0, 0.0, 0.0, 0.0, 0.04, 0.07, 0.096, 0.087]
273 : [0.0, 0.333, 0.2, 0.3, 0.24, 0.22, 0.256, 0.238]
274 : [1.0, 0.667, 0.6, 0.4, 0.38, 0.38, 0.442, 0.404]
275 : [0.0, 0.667, 0.6, 0.3, 0.12, 0.09, 0.138, 0.154]
276 : [1.0, 0.667, 0.8, 0.5, 0.5, 0.58, 0.616, 0.617]
277 : [1.0, 0.333, 0.2, 0.1, 0.04, 0.03, 0.018, 0.019]
278 : [0.0, 0.0, 0.0, 0.3, 0.28, 0.3, 0.286, 0.269]
279 : [0.0, 0.0, 0.2, 0.2, 0.1, 0.09, 0.102, 0.107]
280 : [0.0, 0.0, 0.0, 0.1, 0.18, 0.2, 0.232, 0.242]
281 : [0.0, 0.0, 0.0, 0.3, 0.2, 0.24, 0.162, 0.138]
282 : [0.0, 0.0, 0.0, 0.0, 0.02, 0.02, 0.042, 0.039]
283 : [0.0, 0.667, 0.4, 0.4, 0.16, 0.13, 0.17, 0.174]
284 : [0.0, 0.333, 0.2, 0.2, 0.24, 0.22, 0.274, 0.276]
285 : [0.0, 0.0, 0.2, 0.3, 0.14, 0.09, 0.034, 0.022]
286 : [0.0, 0.333, 0.4, 0.4, 0.12, 0.1, 0.088, 0.083]
287 : [0.0, 0.0, 0.0, 0.0, 0.0, 0.0, 0.002, 0.002]
288 : [0.0, 0.667, 0.4, 0.4, 0.22, 0.16, 0.146, 0.137]
289 : [0.0, 0.333, 0.2, 0.2, 0.1, 0.1, 0.116, 0.115]
290 : [0.0, 0.0, 0.0, 0.0, 0.02, 0.02, 0.018, 0.017]
291 : [1.0, 0.333, 0.4, 0.2, 0.1, 0.16, 0.166, 0.164]
292 : [0.0, 0.0, 0.0, 0.0, 0.16, 0.15, 0.16, 0.164]
293 : [0.0, 0.0, 0.0, 0.0, 0.04, 0.02, 0.012, 0.018]
294 : [0.0, 0.0, 0.2, 0.2, 0.12, 0.08, 0.056, 0.059]
295 : [0.0, 0.0, 0.0, 0.0, 0.0, 0.02, 0.016, 0.031]
296 : [1.0, 0.333, 0.2, 0.1, 0.18, 0.15, 0.248, 0.251]
297 : [1.0, 0.667, 0.8, 0.6, 0.38, 0.35, 0.368, 0.35]
298 : [0.0, 0.0, 0.2, 0.1, 0.04, 0.02, 0.038, 0.035]
299 : [0.0, 0.0, 0.0, 0.1, 0.08, 0.09, 0.062, 0.07]
300 : [0.0, 0.667, 0.8, 0.7, 0.48, 0.44, 0.43, 0.424]
301 : [0.0, 0.0, 0.0, 0.1, 0.14, 0.14, 0.12, 0.131]
302 : [1.0, 0.667, 0.8, 0.7, 0.44, 0.34, 0.334, 0.347]
303 : [0.0, 0.333, 0.4, 0.4, 0.54, 0.54, 0.508, 0.547]
304 : [0.0, 0.0, 0.2, 0.2, 0.12, 0.11, 0.078, 0.072]
305 : [0.0, 0.0, 0.0, 0.1, 0.08, 0.11, 0.116, 0.127]
306 : [0.0, 0.0, 0.0, 0.0, 0.08, 0.06, 0.048, 0.061]
307 : [1.0, 0.667, 0.8, 0.9, 0.86, 0.84, 0.82, 0.818]
308 : [0.0, 0.0, 0.0, 0.3, 0.1, 0.08, 0.05, 0.066]
309 : [1.0, 0.667, 0.6, 0.4, 0.46, 0.49, 0.606, 0.619]
310 : [0.0, 0.0, 0.0, 0.0, 0.02, 0.01, 0.03, 0.032]
311 : [0.0, 0.333, 0.2, 0.1, 0.14, 0.11, 0.202, 0.221]
312 : [0.0, 0.0, 0.0, 0.2, 0.22, 0.22, 0.142, 0.131]
313 : [0.0, 0.0, 0.0, 0.0, 0.1, 0.13, 0.192, 0.197]
314 : [0.0, 0.0, 0.0, 0.0, 0.2, 0.24, 0.258, 0.276]
315 : [1.0, 0.667, 0.4, 0.7, 0.54, 0.5, 0.498, 0.527]
316 : [1.0, 0.333, 0.4, 0.3, 0.38, 0.42, 0.434, 0.423]
317 : [0.0, 0.333, 0.2, 0.3, 0.14, 0.17, 0.172, 0.184]
318 : [0.0, 0.0, 0.0, 0.0, 0.06, 0.07, 0.118, 0.129]
319 : [0.0, 0.0, 0.0, 0.0, 0.02, 0.03, 0.026, 0.027]
320 : [0.0, 0.0, 0.0, 0.0, 0.18, 0.2, 0.252, 0.288]
321 : [0.0, 0.0, 0.0, 0.0, 0.04, 0.02, 0.014, 0.015]
322 : [0.0, 0.333, 0.6, 0.7, 0.38, 0.34, 0.336, 0.364]
323 : [0.0, 0.333, 0.4, 0.3, 0.28, 0.21, 0.236, 0.229]
324 : [1.0, 0.667, 0.8, 0.7, 0.58, 0.64, 0.63, 0.626]
325 : [0.0, 0.0, 0.0, 0.0, 0.02, 0.02, 0.034, 0.027]
326 : [1.0, 0.333, 0.2, 0.2, 0.12, 0.13, 0.118, 0.122]
327 : [0.0, 0.0, 0.2, 0.1, 0.1, 0.07, 0.146, 0.156]
328 : [1.0, 0.333, 0.4, 0.2, 0.34, 0.33, 0.388, 0.397]
329 : [0.0, 0.0, 0.0, 0.0, 0.0, 0.03, 0.044, 0.045]
330 : [0.0, 0.0, 0.0, 0.0, 0.0, 0.0, 0.008, 0.011]
331 : [0.0, 0.0, 0.0, 0.0, 0.02, 0.01, 0.034, 0.033]
332 : [0.0, 0.0, 0.0, 0.2, 0.18, 0.18, 0.198, 0.207]
333 : [0.0, 0.0, 0.2, 0.2, 0.28, 0.32, 0.286, 0.276]
334 : [1.0, 0.667, 0.4, 0.5, 0.14, 0.1, 0.09, 0.103]
335 : [1.0, 0.667, 0.8, 0.6, 0.5, 0.57, 0.554, 0.551]
336 : [0.0, 0.0, 0.2, 0.1, 0.16, 0.14, 0.202, 0.217]
337 : [0.0, 0.333, 0.2, 0.2, 0.08, 0.09, 0.104, 0.133]
338 : [0.0, 0.0, 0.0, 0.2, 0.06, 0.06, 0.092, 0.089]
339 : [0.0, 0.333, 0.2, 0.3, 0.3, 0.32, 0.23, 0.214]
340 : [1.0, 0.333, 0.2, 0.3, 0.32, 0.35, 0.258, 0.241]
341 : [0.0, 0.0, 0.0, 0.1, 0.1, 0.08, 0.074, 0.08]
342 : [1.0, 0.333, 0.6, 0.8, 0.82, 0.79, 0.796, 0.792]
343 : [1.0, 0.667, 0.4, 0.2, 0.14, 0.1, 0.098, 0.087]
344 : [1.0, 0.667, 0.8, 0.8, 0.66, 0.78, 0.776, 0.779]
345 : [0.0, 0.0, 0.2, 0.1, 0.06, 0.04, 0.054, 0.058]
346 : [1.0, 0.333, 0.4, 0.5, 0.48, 0.42, 0.474, 0.469]
347 : [0.0, 0.0, 0.0, 0.0, 0.02, 0.05, 0.034, 0.034]
348 : [1.0, 0.333, 0.2, 0.3, 0.26, 0.29, 0.206, 0.208]
349 : [0.0, 0.0, 0.2, 0.1, 0.02, 0.03, 0.054, 0.044]
350 : [0.0, 0.0, 0.0, 0.0, 0.1, 0.08, 0.088, 0.069]
351 : [0.0, 0.0, 0.2, 0.2, 0.1, 0.08, 0.056, 0.048]
352 : [0.0, 0.0, 0.2, 0.1, 0.04, 0.03, 0.024, 0.023]
353 : [0.0, 0.0, 0.0, 0.0, 0.0, 0.0, 0.004, 0.003]
354 : [0.0, 0.0, 0.0, 0.0, 0.0, 0.03, 0.044, 0.051]
355 : [0.0, 0.0, 0.0, 0.0, 0.0, 0.0, 0.002, 0.003]
356 : [0.0, 0.0, 0.0, 0.1, 0.18, 0.17, 0.184, 0.205]
357 : [0.0, 0.0, 0.0, 0.0, 0.0, 0.02, 0.046, 0.049]
358 : [0.0, 0.333, 0.4, 0.4, 0.26, 0.22, 0.218, 0.206]
359 : [1.0, 1.0, 0.8, 0.9, 0.88, 0.89, 0.89, 0.903]
360 : [0.0, 0.0, 0.0, 0.0, 0.02, 0.01, 0.004, 0.002]
361 : [1.0, 0.333, 0.2, 0.3, 0.28, 0.25, 0.258, 0.272]
362 : [0.0, 0.333, 0.6, 0.4, 0.44, 0.41, 0.38, 0.377]
363 : [1.0, 0.667, 0.6, 0.6, 0.52, 0.43, 0.356, 0.345]
364 : [0.0, 0.0, 0.0, 0.0, 0.02, 0.01, 0.01, 0.007]
365 : [0.0, 0.0, 0.0, 0.0, 0.2, 0.16, 0.188, 0.182]
366 : [0.0, 0.0, 0.2, 0.1, 0.04, 0.08, 0.076, 0.084]
367 : [0.0, 0.0, 0.0, 0.0, 0.04, 0.04, 0.046, 0.05]
368 : [0.0, 0.0, 0.0, 0.1, 0.12, 0.1, 0.144, 0.128]
369 : [0.0, 0.0, 0.0, 0.0, 0.06, 0.05, 0.062, 0.07]
370 : [0.0, 0.0, 0.0, 0.1, 0.04, 0.05, 0.072, 0.089]
371 : [0.0, 0.0, 0.0, 0.0, 0.0, 0.0, 0.0, 0.002]
372 : [0.0, 0.333, 0.2, 0.2, 0.34, 0.34, 0.28, 0.264]
373 : [0.0, 0.0, 0.0, 0.1, 0.18, 0.16, 0.138, 0.115]
374 : [0.0, 0.0, 0.0, 0.0, 0.04, 0.05, 0.03, 0.036]
375 : [1.0, 0.333, 0.4, 0.3, 0.44, 0.44, 0.334, 0.318]
376 : [0.0, 0.0, 0.0, 0.1, 0.02, 0.03, 0.032, 0.042]
377 : [0.0, 0.0, 0.0, 0.2, 0.4, 0.43, 0.468, 0.461]
378 : [0.0, 0.0, 0.0, 0.0, 0.04, 0.03, 0.046, 0.036]
379 : [0.0, 0.0, 0.0, 0.0, 0.14, 0.12, 0.138, 0.118]
380 : [1.0, 0.333, 0.2, 0.1, 0.34, 0.34, 0.272, 0.274]
381 : [0.0, 0.0, 0.0, 0.0, 0.06, 0.07, 0.062, 0.069]
382 : [0.0, 0.333, 0.2, 0.1, 0.12, 0.1, 0.118, 0.117]
383 : [0.0, 0.0, 0.0, 0.1, 0.06, 0.06, 0.126, 0.117]
384 : [0.0, 0.0, 0.0, 0.0, 0.0, 0.0, 0.018, 0.024]
385 : [0.0, 0.0, 0.0, 0.0, 0.1, 0.11, 0.168, 0.168]
386 : [0.0, 0.667, 0.6, 0.5, 0.48, 0.54, 0.536, 0.572]
387 : [0.0, 0.0, 0.0, 0.0, 0.06, 0.06, 0.054, 0.051]
388 : [0.0, 0.0, 0.0, 0.1, 0.02, 0.05, 0.032, 0.03]
389 : [0.0, 0.0, 0.0, 0.0, 0.0, 0.0, 0.006, 0.011]
390 : [0.0, 0.0, 0.2, 0.2, 0.08, 0.14, 0.138, 0.124]
391 : [0.0, 0.0, 0.0, 0.0, 0.1, 0.12, 0.126, 0.139]
392 : [1.0, 0.667, 0.8, 0.8, 0.54, 0.57, 0.578, 0.583]
393 : [0.0, 0.333, 0.4, 0.3, 0.14, 0.09, 0.082, 0.069]
394 : [0.0, 0.0, 0.0, 0.0, 0.06, 0.06, 0.054, 0.052]
395 : [0.0, 0.0, 0.2, 0.1, 0.08, 0.05, 0.028, 0.031]
396 : [0.0, 0.333, 0.2, 0.1, 0.12, 0.15, 0.124, 0.112]
397 : [0.0, 0.667, 0.8, 0.4, 0.34, 0.3, 0.252, 0.261]
398 : [0.0, 0.0, 0.2, 0.2, 0.32, 0.35, 0.294, 0.288]
399 : [0.0, 0.0, 0.4, 0.2, 0.12, 0.11, 0.09, 0.086]
400 : [0.0, 0.0, 0.0, 0.0, 0.08, 0.16, 0.172, 0.183]
401 : [0.0, 0.0, 0.0, 0.0, 0.04, 0.06, 0.06, 0.05]
402 : [0.0, 0.0, 0.2, 0.1, 0.02, 0.04, 0.04, 0.048]
403 : [0.0, 0.0, 0.0, 0.0, 0.02, 0.01, 0.014, 0.02]
404 : [0.0, 0.0, 0.0, 0.0, 0.06, 0.09, 0.102, 0.12]
405 : [0.0, 0.667, 0.4, 0.2, 0.3, 0.27, 0.276, 0.267]
406 : [0.0, 0.0, 0.0, 0.0, 0.0, 0.04, 0.034, 0.04]
407 : [0.0, 0.333, 0.4, 0.6, 0.5, 0.54, 0.45, 0.432]
408 : [0.0, 0.0, 0.2, 0.2, 0.28, 0.39, 0.48, 0.536]
409 : [0.0, 0.0, 0.0, 0.0, 0.06, 0.04, 0.036, 0.034]
410 : [0.0, 0.0, 0.0, 0.0, 0.02, 0.05, 0.05, 0.052]
411 : [0.0, 0.0, 0.0, 0.0, 0.0, 0.0, 0.004, 0.008]
412 : [0.0, 0.333, 0.6, 0.8, 0.54, 0.54, 0.472, 0.47]
413 : [0.0, 0.0, 0.0, 0.0, 0.04, 0.04, 0.068, 0.061]
414 : [0.0, 0.333, 0.4, 0.3, 0.32, 0.31, 0.29, 0.298]
415 : [1.0, 0.667, 0.6, 0.5, 0.3, 0.28, 0.236, 0.234]
416 : [0.0, 0.333, 0.4, 0.4, 0.34, 0.25, 0.284, 0.297]
417 : [0.0, 0.0, 0.0, 0.0, 0.0, 0.01, 0.008, 0.005]
418 : [0.0, 0.0, 0.4, 0.3, 0.14, 0.12, 0.112, 0.101]
419 : [1.0, 0.333, 0.4, 0.5, 0.4, 0.43, 0.412, 0.412]
420 : [0.0, 0.0, 0.0, 0.1, 0.08, 0.05, 0.048, 0.059]
421 : [0.0, 0.0, 0.0, 0.1, 0.1, 0.09, 0.132, 0.136]
422 : [1.0, 1.0, 0.8, 0.9, 0.7, 0.61, 0.598, 0.581]
423 : [0.0, 0.0, 0.0, 0.1, 0.16, 0.23, 0.26, 0.252]
424 : [0.0, 0.333, 0.4, 0.4, 0.44, 0.41, 0.44, 0.445]
425 : [1.0, 0.333, 0.2, 0.1, 0.28, 0.29, 0.286, 0.323]
426 : [0.0, 0.0, 0.0, 0.1, 0.1, 0.08, 0.05, 0.06]
427 : [0.0, 0.0, 0.0, 0.1, 0.14, 0.18, 0.222, 0.245]
428 : [0.0, 0.0, 0.0, 0.0, 0.0, 0.04, 0.022, 0.024]
429 : [0.0, 0.333, 0.2, 0.1, 0.16, 0.2, 0.208, 0.195]
430 : [0.0, 0.0, 0.0, 0.0, 0.0, 0.0, 0.0, 0.0]
431 : [0.0, 0.0, 0.2, 0.4, 0.48, 0.4, 0.44, 0.449]
432 : [0.0, 0.0, 0.0, 0.0, 0.06, 0.09, 0.118, 0.114]
433 : [0.0, 0.0, 0.0, 0.0, 0.02, 0.04, 0.052, 0.053]
434 : [0.0, 0.0, 0.0, 0.1, 0.02, 0.03, 0.016, 0.035]
435 : [0.0, 0.0, 0.0, 0.0, 0.0, 0.0, 0.012, 0.009]
436 : [0.0, 0.0, 0.0, 0.0, 0.06, 0.09, 0.098, 0.091]
437 : [0.0, 0.0, 0.0, 0.1, 0.1, 0.12, 0.056, 0.05]
438 : [0.0, 0.0, 0.0, 0.1, 0.06, 0.05, 0.038, 0.038]
439 : [0.0, 0.0, 0.2, 0.1, 0.12, 0.08, 0.066, 0.068]
440 : [1.0, 0.667, 0.8, 0.9, 0.62, 0.59, 0.618, 0.592]
441 : [0.0, 0.0, 0.0, 0.0, 0.0, 0.0, 0.01, 0.011]
442 : [0.0, 0.0, 0.0, 0.0, 0.26, 0.22, 0.316, 0.357]
443 : [0.0, 0.0, 0.0, 0.1, 0.12, 0.16, 0.1, 0.094]
444 : [0.0, 0.0, 0.2, 0.3, 0.24, 0.24, 0.236, 0.227]
445 : [0.0, 0.0, 0.0, 0.0, 0.0, 0.0, 0.02, 0.031]
446 : [0.0, 0.0, 0.2, 0.1, 0.06, 0.04, 0.04, 0.052]
447 : [0.0, 0.0, 0.0, 0.0, 0.0, 0.01, 0.018, 0.019]
448 : [0.0, 0.333, 0.4, 0.2, 0.08, 0.09, 0.088, 0.083]
449 : [0.0, 0.0, 0.2, 0.2, 0.12, 0.09, 0.104, 0.109]
450 : [1.0, 1.0, 0.8, 0.6, 0.5, 0.51, 0.474, 0.456]
451 : [0.0, 0.0, 0.0, 0.0, 0.0, 0.0, 0.0, 0.0]
452 : [0.0, 0.333, 0.4, 0.6, 0.38, 0.39, 0.474, 0.518]
453 : [1.0, 1.0, 0.8, 0.6, 0.58, 0.58, 0.536, 0.545]
454 : [0.0, 0.0, 0.0, 0.0, 0.0, 0.0, 0.002, 0.001]
455 : [0.0, 0.0, 0.4, 0.4, 0.34, 0.4, 0.386, 0.375]
456 : [1.0, 0.333, 0.2, 0.1, 0.06, 0.06, 0.032, 0.037]
457 : [0.0, 0.0, 0.0, 0.0, 0.1, 0.17, 0.198, 0.217]
458 : [1.0, 0.667, 0.6, 0.7, 0.52, 0.46, 0.482, 0.488]
459 : [0.0, 0.333, 0.2, 0.1, 0.16, 0.11, 0.144, 0.146]
460 : [0.0, 0.0, 0.0, 0.0, 0.02, 0.06, 0.036, 0.045]
461 : [0.0, 0.0, 0.4, 0.5, 0.54, 0.5, 0.438, 0.389]
462 : [0.0, 0.0, 0.0, 0.0, 0.06, 0.03, 0.024, 0.022]
463 : [0.0, 0.0, 0.0, 0.1, 0.08, 0.05, 0.05, 0.056]
464 : [0.0, 0.0, 0.0, 0.0, 0.0, 0.0, 0.014, 0.013]
465 : [0.0, 0.333, 0.2, 0.1, 0.08, 0.07, 0.076, 0.067]
466 : [0.0, 0.0, 0.0, 0.0, 0.02, 0.03, 0.028, 0.03]
467 : [0.0, 0.0, 0.0, 0.1, 0.1, 0.1, 0.12, 0.132]
468 : [0.0, 0.667, 0.6, 0.6, 0.5, 0.46, 0.444, 0.418]
469 : [0.0, 0.0, 0.0, 0.0, 0.02, 0.02, 0.03, 0.04]
470 : [0.0, 0.333, 0.2, 0.2, 0.3, 0.29, 0.336, 0.288]
471 : [0.0, 0.0, 0.0, 0.1, 0.1, 0.13, 0.128, 0.121]
472 : [0.0, 0.667, 0.4, 0.3, 0.24, 0.29, 0.246, 0.24]
473 : [1.0, 1.0, 1.0, 0.9, 0.68, 0.59, 0.552, 0.513]
474 : [0.0, 0.333, 0.4, 0.4, 0.44, 0.47, 0.46, 0.453]
475 : [0.0, 0.0, 0.0, 0.0, 0.16, 0.14, 0.154, 0.142]
476 : [0.0, 0.0, 0.0, 0.1, 0.18, 0.16, 0.112, 0.104]
477 : [1.0, 0.333, 0.2, 0.3, 0.22, 0.23, 0.232, 0.248]
478 : [0.0, 0.0, 0.0, 0.0, 0.06, 0.08, 0.132, 0.131]
479 : [0.0, 0.0, 0.0, 0.0, 0.02, 0.02, 0.01, 0.013]
480 : [1.0, 1.0, 0.8, 0.7, 0.52, 0.59, 0.578, 0.572]
481 : [0.0, 0.0, 0.0, 0.0, 0.02, 0.02, 0.026, 0.028]
482 : [0.0, 0.0, 0.0, 0.0, 0.0, 0.0, 0.016, 0.022]
483 : [0.0, 0.0, 0.0, 0.1, 0.06, 0.04, 0.028, 0.017]
484 : [0.0, 0.333, 0.2, 0.1, 0.02, 0.02, 0.028, 0.039]
485 : [0.0, 0.0, 0.0, 0.0, 0.04, 0.03, 0.032, 0.041]
486 : [0.0, 0.0, 0.0, 0.0, 0.04, 0.07, 0.044, 0.037]
487 : [1.0, 1.0, 1.0, 1.0, 0.84, 0.86, 0.876, 0.867]
488 : [0.0, 0.333, 0.2, 0.2, 0.36, 0.37, 0.348, 0.36]
489 : [0.0, 0.0, 0.0, 0.0, 0.02, 0.02, 0.068, 0.068]
490 : [0.0, 0.0, 0.0, 0.1, 0.14, 0.12, 0.176, 0.163]
491 : [0.0, 0.333, 0.2, 0.2, 0.2, 0.18, 0.164, 0.181]
492 : [0.0, 0.0, 0.0, 0.0, 0.02, 0.03, 0.03, 0.035]
493 : [0.0, 0.0, 0.0, 0.0, 0.1, 0.1, 0.078, 0.073]
494 : [0.0, 0.0, 0.0, 0.2, 0.3, 0.28, 0.322, 0.317]
495 : [0.0, 0.0, 0.2, 0.1, 0.02, 0.04, 0.058, 0.062]
496 : [0.0, 0.0, 0.2, 0.2, 0.26, 0.32, 0.348, 0.32]
497 : [0.0, 0.0, 0.0, 0.0, 0.04, 0.02, 0.018, 0.02]
498 : [0.0, 0.0, 0.0, 0.1, 0.12, 0.12, 0.062, 0.063]
499 : [0.0, 0.0, 0.0, 0.0, 0.04, 0.06, 0.106, 0.109]
500 : [1.0, 0.667, 0.8, 0.5, 0.42, 0.47, 0.462, 0.482]
501 : [0.0, 0.333, 0.2, 0.1, 0.1, 0.06, 0.04, 0.044]
502 : [0.0, 0.0, 0.2, 0.1, 0.24, 0.15, 0.158, 0.151]
503 : [0.0, 0.0, 0.0, 0.1, 0.2, 0.26, 0.26, 0.271]
504 : [0.0, 0.667, 0.4, 0.5, 0.52, 0.52, 0.45, 0.453]
505 : [1.0, 0.667, 0.8, 0.7, 0.56, 0.47, 0.372, 0.329]
506 : [0.0, 0.333, 0.4, 0.3, 0.22, 0.22, 0.322, 0.32]
507 : [0.0, 0.0, 0.0, 0.0, 0.18, 0.24, 0.18, 0.16]
508 : [0.0, 0.0, 0.0, 0.0, 0.02, 0.01, 0.022, 0.024]
509 : [0.0, 0.0, 0.0, 0.0, 0.0, 0.0, 0.014, 0.013]
510 : [0.0, 0.0, 0.0, 0.1, 0.36, 0.32, 0.254, 0.241]
511 : [0.0, 0.0, 0.0, 0.0, 0.0, 0.0, 0.01, 0.012]
512 : [0.0, 0.0, 0.0, 0.0, 0.08, 0.1, 0.11, 0.096]
513 : [0.0, 0.0, 0.2, 0.1, 0.08, 0.1, 0.074, 0.078]
514 : [0.0, 0.0, 0.0, 0.0, 0.04, 0.02, 0.012, 0.014]
515 : [0.0, 0.0, 0.0, 0.1, 0.04, 0.02, 0.024, 0.037]
516 : [1.0, 1.0, 1.0, 0.9, 0.86, 0.85, 0.862, 0.867]
517 : [0.0, 0.667, 0.4, 0.3, 0.24, 0.38, 0.478, 0.469]
518 : [0.0, 0.0, 0.0, 0.0, 0.0, 0.02, 0.03, 0.031]
519 : [0.0, 0.0, 0.0, 0.0, 0.08, 0.05, 0.038, 0.032]
520 : [0.0, 0.0, 0.4, 0.5, 0.42, 0.42, 0.354, 0.329]
521 : [0.0, 0.0, 0.0, 0.0, 0.14, 0.1, 0.136, 0.149]
522 : [0.0, 0.333, 0.4, 0.6, 0.4, 0.4, 0.436, 0.431]
523 : [0.0, 0.333, 0.2, 0.1, 0.02, 0.02, 0.052, 0.06]
524 : [0.0, 0.0, 0.0, 0.1, 0.14, 0.2, 0.154, 0.149]
525 : [1.0, 0.667, 0.8, 0.6, 0.5, 0.5, 0.432, 0.391]
526 : [0.0, 0.0, 0.2, 0.1, 0.08, 0.07, 0.04, 0.049]
527 : [0.0, 0.0, 0.0, 0.0, 0.02, 0.01, 0.056, 0.059]
528 : [0.0, 0.0, 0.0, 0.0, 0.14, 0.13, 0.084, 0.091]
529 : [0.0, 0.0, 0.0, 0.0, 0.12, 0.12, 0.13, 0.13]
530 : [1.0, 0.333, 0.2, 0.2, 0.08, 0.09, 0.058, 0.056]
531 : [0.0, 0.0, 0.0, 0.2, 0.46, 0.4, 0.352, 0.376]
532 : [0.0, 0.0, 0.2, 0.2, 0.48, 0.45, 0.446, 0.415]
533 : [1.0, 0.667, 0.6, 0.4, 0.36, 0.46, 0.444, 0.44]
534 : [0.0, 0.333, 0.2, 0.3, 0.42, 0.42, 0.416, 0.419]
535 : [0.0, 0.0, 0.0, 0.0, 0.06, 0.05, 0.034, 0.032]
536 : [0.0, 0.333, 0.2, 0.2, 0.18, 0.18, 0.192, 0.209]
537 : [0.0, 0.333, 0.2, 0.2, 0.06, 0.04, 0.054, 0.055]
538 : [0.0, 0.0, 0.0, 0.0, 0.0, 0.01, 0.024, 0.026]
539 : [0.0, 0.0, 0.2, 0.3, 0.26, 0.28, 0.288, 0.301]
540 : [1.0, 0.667, 0.4, 0.5, 0.5, 0.46, 0.482, 0.484]
541 : [0.0, 0.0, 0.2, 0.1, 0.02, 0.02, 0.02, 0.025]
542 : [0.0, 0.333, 0.2, 0.1, 0.1, 0.09, 0.074, 0.082]
543 : [0.0, 0.0, 0.0, 0.0, 0.06, 0.06, 0.028, 0.042]
544 : [0.0, 0.333, 0.4, 0.4, 0.36, 0.37, 0.39, 0.383]
545 : [1.0, 1.0, 1.0, 1.0, 0.9, 0.88, 0.814, 0.783]
546 : [0.0, 0.0, 0.0, 0.0, 0.0, 0.02, 0.024, 0.022]
547 : [0.0, 0.0, 0.4, 0.2, 0.14, 0.11, 0.05, 0.049]
548 : [0.0, 0.0, 0.0, 0.1, 0.08, 0.05, 0.064, 0.072]
549 : [0.0, 0.0, 0.0, 0.1, 0.04, 0.08, 0.098, 0.108]
550 : [0.0, 0.333, 0.4, 0.2, 0.14, 0.13, 0.094, 0.087]
551 : [0.0, 0.0, 0.0, 0.2, 0.28, 0.35, 0.358, 0.335]
552 : [0.0, 0.0, 0.0, 0.0, 0.08, 0.08, 0.106, 0.102]
553 : [0.0, 0.0, 0.0, 0.0, 0.0, 0.0, 0.0, 0.001]
554 : [0.0, 0.0, 0.0, 0.1, 0.06, 0.07, 0.058, 0.053]
555 : [0.0, 0.333, 0.2, 0.1, 0.04, 0.08, 0.08, 0.083]
556 : [0.0, 0.0, 0.4, 0.3, 0.2, 0.19, 0.188, 0.198]
557 : [0.0, 0.0, 0.0, 0.1, 0.18, 0.12, 0.088, 0.078]
558 : [1.0, 0.667, 0.8, 0.8, 0.8, 0.81, 0.748, 0.774]
559 : [0.0, 0.667, 0.8, 0.8, 0.58, 0.5, 0.474, 0.429]
560 : [0.0, 0.0, 0.0, 0.0, 0.06, 0.05, 0.036, 0.032]
561 : [0.0, 0.0, 0.0, 0.0, 0.12, 0.16, 0.172, 0.158]
562 : [0.0, 0.0, 0.0, 0.0, 0.06, 0.04, 0.034, 0.043]
563 : [0.0, 0.0, 0.2, 0.1, 0.06, 0.06, 0.06, 0.073]
564 : [1.0, 0.333, 0.4, 0.3, 0.5, 0.49, 0.572, 0.567]
565 : [0.0, 0.0, 0.0, 0.0, 0.0, 0.0, 0.002, 0.003]
566 : [0.0, 0.0, 0.0, 0.0, 0.04, 0.06, 0.082, 0.081]
567 : [0.0, 0.0, 0.0, 0.0, 0.06, 0.04, 0.044, 0.055]
568 : [0.0, 0.0, 0.0, 0.1, 0.12, 0.15, 0.142, 0.132]
569 : [0.0, 0.0, 0.0, 0.0, 0.1, 0.11, 0.12, 0.106]
570 : [1.0, 0.333, 0.6, 0.6, 0.36, 0.28, 0.194, 0.169]
571 : [1.0, 1.0, 0.8, 0.5, 0.54, 0.5, 0.47, 0.479]
572 : [0.0, 0.0, 0.2, 0.1, 0.24, 0.18, 0.1, 0.079]
573 : [0.0, 0.0, 0.0, 0.0, 0.0, 0.0, 0.004, 0.006]
574 : [0.0, 0.667, 0.4, 0.5, 0.4, 0.42, 0.44, 0.439]
575 : [0.0, 0.0, 0.0, 0.1, 0.06, 0.05, 0.032, 0.036]
576 : [1.0, 0.667, 0.6, 0.4, 0.1, 0.07, 0.076, 0.065]
577 : [0.0, 0.333, 0.2, 0.2, 0.28, 0.32, 0.312, 0.347]
578 : [0.0, 0.0, 0.0, 0.0, 0.06, 0.05, 0.032, 0.056]
579 : [0.0, 0.0, 0.0, 0.0, 0.1, 0.09, 0.074, 0.062]
580 : [0.0, 0.0, 0.0, 0.0, 0.06, 0.11, 0.098, 0.096]
581 : [1.0, 0.333, 0.2, 0.1, 0.04, 0.1, 0.098, 0.091]
582 : [0.0, 0.0, 0.0, 0.2, 0.16, 0.14, 0.118, 0.111]
583 : [0.0, 0.333, 0.4, 0.2, 0.22, 0.18, 0.122, 0.113]
584 : [1.0, 0.333, 0.4, 0.7, 0.5, 0.45, 0.478, 0.478]
585 : [0.0, 0.333, 0.2, 0.2, 0.12, 0.19, 0.148, 0.109]
586 : [0.0, 0.0, 0.0, 0.2, 0.16, 0.11, 0.134, 0.141]
587 : [0.0, 0.333, 0.4, 0.4, 0.22, 0.31, 0.344, 0.38]
588 : [1.0, 0.333, 0.2, 0.3, 0.36, 0.49, 0.524, 0.511]
589 : [0.0, 0.0, 0.0, 0.1, 0.08, 0.1, 0.088, 0.084]
590 : [0.0, 0.0, 0.0, 0.1, 0.14, 0.1, 0.12, 0.142]
591 : [1.0, 0.333, 0.2, 0.2, 0.2, 0.21, 0.194, 0.189]
592 : [0.0, 0.0, 0.2, 0.1, 0.08, 0.07, 0.048, 0.046]
593 : [0.0, 0.0, 0.0, 0.0, 0.0, 0.01, 0.044, 0.045]
594 : [0.0, 0.0, 0.0, 0.1, 0.06, 0.03, 0.034, 0.045]
595 : [0.0, 0.333, 0.2, 0.1, 0.18, 0.24, 0.256, 0.221]
596 : [0.0, 0.0, 0.0, 0.0, 0.06, 0.08, 0.09, 0.084]
597 : [0.0, 0.0, 0.0, 0.0, 0.0, 0.01, 0.028, 0.027]
598 : [0.0, 0.333, 0.4, 0.5, 0.46, 0.42, 0.448, 0.45]
599 : [0.0, 0.0, 0.0, 0.1, 0.04, 0.03, 0.034, 0.037]
600 : [0.0, 0.0, 0.0, 0.0, 0.0, 0.0, 0.014, 0.011]
601 : [0.0, 0.333, 0.2, 0.2, 0.24, 0.18, 0.156, 0.162]
602 : [0.0, 0.0, 0.0, 0.1, 0.06, 0.05, 0.066, 0.06]
603 : [0.0, 0.0, 0.2, 0.2, 0.42, 0.48, 0.48, 0.51]
604 : [0.0, 0.333, 0.4, 0.4, 0.2, 0.17, 0.152, 0.138]
605 : [1.0, 0.333, 0.4, 0.3, 0.3, 0.25, 0.21, 0.213]
606 : [0.0, 0.0, 0.0, 0.0, 0.04, 0.03, 0.034, 0.032]
607 : [1.0, 1.0, 0.8, 0.7, 0.5, 0.54, 0.472, 0.442]
608 : [0.0, 0.0, 0.0, 0.0, 0.0, 0.0, 0.016, 0.013]
609 : [0.0, 0.0, 0.0, 0.0, 0.16, 0.15, 0.132, 0.118]
610 : [1.0, 0.667, 0.8, 0.7, 0.76, 0.77, 0.746, 0.725]

Results with majority rule
[0.17, 0.178, 0.189, 0.191, 0.188, 0.189, 0.187, 0.187]

Results with highest overall score
[0.17, 0.174, 0.167, 0.167, 0.177, 0.189, 0.185, 0.184]
nranks = 6 	 num_gpus = 6
Traceback (most recent call last):
  File "/home/s190619/.conda/envs/colbert-v0.2/lib/python3.7/runpy.py", line 193, in _run_module_as_main
    "__main__", mod_spec)
  File "/home/s190619/.conda/envs/colbert-v0.2/lib/python3.7/runpy.py", line 85, in _run_code
    exec(code, run_globals)
  File "/home/s190619/My_ColBERT/ColBERT_MC/colbert/train.py", line 35, in <module>
    main()
  File "/home/s190619/My_ColBERT/ColBERT_MC/colbert/train.py", line 21, in main
    args = parser.parse()
  File "/home/s190619/My_ColBERT/ColBERT_MC/colbert/utils/parser.py", line 120, in parse
    args.nranks, args.distributed = distributed.init(args.rank)
  File "/home/s190619/My_ColBERT/ColBERT_MC/colbert/utils/distributed.py", line 18, in init
    torch.distributed.init_process_group(backend='nccl', init_method='env://')
  File "/home/s190619/.conda/envs/colbert-v0.2/lib/python3.7/site-packages/torch/distributed/distributed_c10d.py", line 422, in init_process_group
    store, rank, world_size = next(rendezvous_iterator)
  File "/home/s190619/.conda/envs/colbert-v0.2/lib/python3.7/site-packages/torch/distributed/rendezvous.py", line 172, in _env_rendezvous_handler
    store = TCPStore(master_addr, master_port, world_size, start_daemon, timeout)
RuntimeError: Address already in use
Traceback (most recent call last):
  File "/home/s190619/.conda/envs/colbert-v0.2/lib/python3.7/runpy.py", line 193, in _run_module_as_main
    "__main__", mod_spec)
  File "/home/s190619/.conda/envs/colbert-v0.2/lib/python3.7/runpy.py", line 85, in _run_code
    exec(code, run_globals)
  File "/home/s190619/.conda/envs/colbert-v0.2/lib/python3.7/site-packages/torch/distributed/launch.py", line 261, in <module>
    main()
  File "/home/s190619/.conda/envs/colbert-v0.2/lib/python3.7/site-packages/torch/distributed/launch.py", line 257, in main
    cmd=cmd)
subprocess.CalledProcessError: Command '['/home/s190619/.conda/envs/colbert-v0.2/bin/python', '-u', '-m', 'colbert.train', '--local_rank=5', '--amp', '--query_maxlen', '350', '--doc_maxlen', '180', '--mask-punctuation', '--bsize', '12', '--accum', '1', '--triples', '/scratch/s190619/Data_etc/ColBERT/training_sets/MedQA_textbooks_split_triples_w_options.tsv', '--root', '/scratch/s190619/Data_etc/ColBERT/experiments', '--experiment', 'Model9x-psg', '--similarity', 'cosine', '--run', 'Model9x.psg.cosine', '--checkpoint', '/scratch/s190619/Data_etc/ColBERT/experiments/Model4_2-psg/train.py/Model4_2.psg.cosine/checkpoints/colbert-200000.dnn']' returned non-zero exit status 1.
*****************************************
Setting OMP_NUM_THREADS environment variable for each process to be 1 in default, to avoid your system being overloaded, please further tune the variable for optimal performance in your application as needed. 
*****************************************
Traceback (most recent call last):
  File "/home/s190619/.conda/envs/colbert-v0.2/lib/python3.7/runpy.py", line 193, in _run_module_as_main
    "__main__", mod_spec)
  File "/home/s190619/.conda/envs/colbert-v0.2/lib/python3.7/runpy.py", line 85, in _run_code
    exec(code, run_globals)
  File "/home/s190619/My_ColBERT/ColBERT_MC/colbert/train.py", line 35, in <module>
    main()
  File "/home/s190619/My_ColBERT/ColBERT_MC/colbert/train.py", line 21, in main
    args = parser.parse()
  File "/home/s190619/My_ColBERT/ColBERT_MC/colbert/utils/parser.py", line 130, in parse
    Run.init(args.rank, args.root, args.experiment, args.run)
  File "/home/s190619/My_ColBERT/ColBERT_MC/colbert/utils/runs.py", line 65, in init
    distributed.barrier(rank)
  File "/home/s190619/My_ColBERT/ColBERT_MC/colbert/utils/distributed.py", line 25, in barrier
    torch.distributed.barrier()
  File "/home/s190619/.conda/envs/colbert-v0.2/lib/python3.7/site-packages/torch/distributed/distributed_c10d.py", line 1710, in barrier
    work = _default_pg.barrier()
RuntimeError: NCCL error in: /opt/conda/conda-bld/pytorch_1595629403081/work/torch/lib/c10d/ProcessGroupNCCL.cpp:518, unhandled system error, NCCL version 2.4.8
